000001.SZ 平安银行 银行
000002.SZ 万科A 全国地产
000004.SZ 国华网安 软件服务
000006.SZ 深振业A 区域地产
000007.SZ *ST全新 其他商业
000008.SZ 神州高铁 运输设备
000009.SZ 中国宝安 电气设备
000010.SZ 美丽生态 建筑工程
000011.SZ 深物业A 区域地产
000012.SZ 南玻A 玻璃
000014.SZ 沙河股份 全国地产
000016.SZ 深康佳A 家用电器
000017.SZ 深中华A 服饰
000019.SZ 深粮控股 农业综合
000020.SZ 深华发A 元器件
000021.SZ 深科技 元器件
000023.SZ *ST深天 水泥
000025.SZ 特力A 汽车服务
000026.SZ 飞亚达 服饰
000027.SZ 深圳能源 火力发电
OK 0.1721199349519039 0.12584669557105244 0.5637292125227957 17.4164
000028.SZ 国药一致 医药商业
000029.SZ 深深房A 区域地产
000030.SZ 富奥股份 汽车配件
000031.SZ 大悦城 全国地产
000032.SZ 深桑达A 建筑工程
000034.SZ 神州数码 软件服务
OK 3.1478900516136097 0.16442975866147713 0.1334063430881212 16.2626
000035.SZ 中国天楹 环境保护
000036.SZ 华联控股 全国地产
000037.SZ 深南电A 火力发电
000039.SZ 中集集团 运输设备
000040.SZ 东旭蓝天 新型电力
000042.SZ 中洲控股 全国地产
000045.SZ 深纺织A 元器件
000048.SZ 京基智农 区域地产
000049.SZ 德赛电池 电气设备
000050.SZ 深天马A 元器件
000055.SZ 方大集团 装修装饰
000056.SZ 皇庭国际 房产服务
000058.SZ 深赛格 商品城
000059.SZ 华锦股份 石油加工
000060.SZ 中金岭南 铅锌
000061.SZ 农产品 农业综合
000062.SZ 深圳华强 元器件
000063.SZ 中兴通讯 通信设备
000065.SZ 北方国际 建筑工程
OK 0.18653961350572207 0.18714366840813096 0.2403358511551012 13.7959
000066.SZ 中国长城 IT设备
000068.SZ 华控赛格 环境保护
000069.SZ 华侨城A 全国地产
000070.SZ 特发信息 通信设备
000078.SZ 海王生物 医药商业
000088.SZ 盐田港 港口
000089.SZ 深圳机场 机场
000090.SZ 天健集团 建筑工程
000096.SZ 广聚能源 石油贸易
000099.SZ 中信海直 空运
000100.SZ TCL科技 元器件
000151.SZ 中成股份 商贸代理
000153.SZ 丰原药业 化学制药
000155.SZ 川能动力 新型电力
000156.SZ 华数传媒 影视音像
000157.SZ 中联重科 工程机械
000158.SZ 常山北明 软件服务
000159.SZ 国际实业 石油贸易
000166.SZ 申万宏源 证券
000301.SZ 东方盛虹 化纤
000333.SZ 美的集团 家用电器
000338.SZ 潍柴动力 汽车配件
000400.SZ 许继电气 电气设备
000401.SZ 冀东水泥 水泥
000402.SZ 金融街 全国地产
000403.SZ 派林生物 生物制药
000404.SZ 长虹华意 家用电器
OK 0.44116008658277867 0.2726378915123737 0.2752644792474467 13.8562
000407.SZ 胜利股份 供气供热
000408.SZ 藏格矿业 农药化肥
000409.SZ 云鼎科技 软件服务
000410.SZ 沈阳机床 机床制造
000411.SZ 英特集团 医药商业
OK 0.16760767335772483 0.2727925949492838 0.13157243861334048 11.9016
000413.SZ 东旭光电 元器件
000415.SZ 渤海租赁 多元金融
000416.SZ *ST民控 多元金融
000417.SZ 合肥百货 百货
000419.SZ 通程控股 百货
000420.SZ 吉林化纤 化纤
000421.SZ 南京公用 供气供热
000422.SZ 湖北宜化 农药化肥
000423.SZ 东阿阿胶 中成药
000425.SZ 徐工机械 工程机械
000426.SZ 兴业银锡 铅锌
000428.SZ 华天酒店 酒店餐饮
000429.SZ 粤高速A 路桥
000430.SZ 张家界 旅游景点
000488.SZ 晨鸣纸业 造纸
000498.SZ 山东路桥 建筑工程
000501.SZ 武商集团 百货
000503.SZ 国新健康 软件服务
000504.SZ 南华生物 医疗保健
000505.SZ 京粮控股 食品
000506.SZ *ST中润 黄金
000507.SZ 珠海港 港口
000509.SZ 华塑控股 元器件
000510.SZ 新金路 化工原料
000513.SZ 丽珠集团 化学制药
000514.SZ 渝开发 区域地产
000516.SZ 国际医学 医疗保健
000517.SZ 荣安地产 区域地产
000518.SZ 四环生物 生物制药
000519.SZ 中兵红箭 专用机械
000520.SZ 凤凰航运 水运
000521.SZ 长虹美菱 家用电器
OK 2.1816513950858094 1.7903534258768992 0.23853459768226068 15.7052
000523.SZ 红棉股份 日用化工
000524.SZ 岭南控股 旅游服务
000525.SZ ST红太阳 农药化肥
000526.SZ 学大教育 文教休闲
000528.SZ 柳工 工程机械
000529.SZ 广弘控股 食品
000530.SZ 冰山冷热 机械基件
000531.SZ 穗恒运A 火力发电
000532.SZ 华金资本 多元金融
000533.SZ 顺钠股份 电气设备
000534.SZ 万泽股份 生物制药
000536.SZ 华映科技 元器件
000537.SZ 中绿电 新型电力
000538.SZ 云南白药 中成药
000539.SZ 粤电力A 火力发电
000541.SZ 佛山照明 家用电器
000543.SZ 皖能电力 火力发电
000544.SZ 中原环保 环境保护
000545.SZ 金浦钛业 化工原料
000546.SZ 金圆股份 环境保护
000547.SZ 航天发展 通信设备
000548.SZ 湖南投资 路桥
000550.SZ 江铃汽车 汽车整车
OK 0.5028383832531872 0.23365520197227183 0.5340890678740253 15.4672
000551.SZ 创元科技 专用机械
000552.SZ 甘肃能化 煤炭开采
000553.SZ 安道麦A 农药化肥
000554.SZ 泰山石油 石油贸易
000555.SZ 神州信息 软件服务
000557.SZ 西部创业 铁路
000558.SZ 莱茵体育 文教休闲
000559.SZ 万向钱潮 汽车配件
000560.SZ 我爱我家 房产服务
000561.SZ 烽火电子 通信设备
000563.SZ 陕国投A 多元金融
OK 0.14443256521653053 0.2917761217978508 0.10033810393198785 14.9288
000564.SZ ST大集 百货
000565.SZ 渝三峡A 染料涂料
000566.SZ 海南海药 化学制药
000567.SZ 海德股份 多元金融
OK 0.8320472355613067 0.24852790532758007 0.19021218651337884 15.3654
000568.SZ 泸州老窖 白酒
000570.SZ 苏常柴A 农用机械
000571.SZ 新大洲A 煤炭开采
000572.SZ 海马汽车 汽车整车
000573.SZ 粤宏远A 电气设备
000576.SZ 甘化科工 食品
000581.SZ 威孚高科 汽车配件
000582.SZ 北部湾港 港口
000584.SZ *ST工智 专用机械
000586.SZ 汇源通信 通信设备
000589.SZ 贵州轮胎 汽车配件
OK 0.16718148690385978 0.9450339648041802 1.2103765969580131 12.3691
000590.SZ 启迪药业 中成药
000591.SZ 太阳能 新型电力
000592.SZ 平潭发展 林业
000593.SZ 德龙汇能 供气供热
000595.SZ 宝塔实业 机械基件
000596.SZ 古井贡酒 白酒
000597.SZ 东北制药 化学制药
000598.SZ 兴蓉环境 水务
OK 0.11979666170673793 0.11631544849744414 0.20539525106645012 12.1284
000599.SZ 青岛双星 汽车配件
000600.SZ 建投能源 火力发电
000601.SZ 韶能股份 水力发电
000603.SZ 盛达资源 铅锌
000605.SZ 渤海股份 供气供热
000607.SZ 华媒控股 广告包装
000608.SZ 阳光股份 区域地产
000609.SZ *ST中迪 区域地产
000610.SZ 西安旅游 旅游服务
000612.SZ 焦作万方 铝
000615.SZ *ST美谷 医疗保健
000617.SZ 中油资本 多元金融
000619.SZ 海螺新材 其他建材
000620.SZ *ST新联 全国地产
000622.SZ *ST恒立 批发业
000623.SZ 吉林敖东 中成药
000625.SZ 长安汽车 汽车整车
000626.SZ 远大控股 商贸代理
000627.SZ 天茂集团 保险
000628.SZ 高新发展 建筑工程
000629.SZ 钒钛股份 小金属
000630.SZ 铜陵有色 铜
000631.SZ 顺发恒业 综合类
000632.SZ 三木集团 综合类
000633.SZ 合金投资 小金属
000635.SZ 英力特 化工原料
000636.SZ 风华高科 元器件
000637.SZ ST实华 石油加工
000638.SZ 万方发展 农业综合
000639.SZ 西王食品 食品
000650.SZ 仁和药业 中成药
000651.SZ 格力电器 家用电器
000652.SZ 泰达股份 批发业
000655.SZ 金岭矿业 普钢
OK 0.4643275876907209 0.15671010301749472 0.36327334398204525 16.6771
000656.SZ *ST金科 全国地产
000657.SZ 中钨高新 小金属
000659.SZ 珠海中富 广告包装
000661.SZ 长春高新 生物制药
000663.SZ 永安林业 林业
000665.SZ 湖北广电 影视音像
000668.SZ 荣丰控股 医药商业
000669.SZ ST金鸿 供气供热
000670.SZ 盈方微 元器件
000672.SZ 上峰水泥 水泥
000676.SZ 智度股份 互联网
000677.SZ 恒天海龙 化纤
000678.SZ 襄阳轴承 汽车配件
000679.SZ 大连友谊 百货
000680.SZ 山推股份 工程机械
OK 2.016339247675461 0.20779632374570783 0.22488890294200178 17.569
000681.SZ 视觉中国 互联网
000682.SZ 东方电子 电气设备
000683.SZ 远兴能源 化工原料
000685.SZ 中山公用 水务
000686.SZ 东北证券 证券
000688.SZ 国城矿业 铅锌
000690.SZ 宝新能源 火力发电
000691.SZ 亚太实业 化工原料
000692.SZ *ST惠天 供气供热
000695.SZ 滨海能源 广告包装
000697.SZ *ST炼石 航空
000698.SZ 沈阳化工 石油加工
000700.SZ 模塑科技 汽车配件
000701.SZ 厦门信达 商贸代理
000702.SZ 正虹科技 饲料
000703.SZ 恒逸石化 化纤
000705.SZ 浙江震元 医药商业
000707.SZ 双环科技 化工原料
000708.SZ 中信特钢 特种钢
000709.SZ 河钢股份 普钢
000710.SZ 贝瑞基因 医疗保健
000711.SZ *ST京蓝 环境保护
000712.SZ 锦龙股份 证券
000713.SZ 丰乐种业 种植业
000715.SZ 中兴商业 百货
000716.SZ 黑芝麻 食品
000717.SZ 中南股份 普钢
000718.SZ 苏宁环球 区域地产
000719.SZ 中原传媒 出版业
000720.SZ 新能泰山 电气设备
000721.SZ 西安饮食 酒店餐饮
000722.SZ 湖南发展 其他建材
000723.SZ 美锦能源 焦炭加工
000725.SZ 京东方A 元器件
000726.SZ 鲁泰A 纺织
000727.SZ 冠捷科技 元器件
000728.SZ 国元证券 证券
000729.SZ 燕京啤酒 啤酒
000731.SZ 四川美丰 农药化肥
000733.SZ 振华科技 元器件
000735.SZ 罗牛山 农业综合
000736.SZ 中交地产 全国地产
000737.SZ 北方铜业 铜
000738.SZ 航发控制 航空
000739.SZ 普洛药业 化学制药
000750.SZ 国海证券 证券
000751.SZ 锌业股份 铅锌
000752.SZ *ST西发 啤酒
000753.SZ 漳州发展 汽车服务
000755.SZ 山西高速 路桥
000756.SZ 新华制药 化学制药
000757.SZ 浩物股份 汽车服务
000758.SZ 中色股份 铅锌
000759.SZ 中百集团 超市连锁
000761.SZ 本钢板材 普钢
000762.SZ 西藏矿业 小金属
000766.SZ 通化金马 化学制药
000767.SZ 晋控电力 火力发电
000768.SZ 中航西飞 航空
000776.SZ 广发证券 证券
000777.SZ 中核科技 机械基件
000778.SZ 新兴铸管 钢加工
000779.SZ 甘咨询 建筑工程
000782.SZ 美达股份 化纤
000783.SZ 长江证券 证券
000785.SZ 居然之家 百货
000786.SZ 北新建材 其他建材
000788.SZ 北大医药 化学制药
000789.SZ 万年青 水泥
000790.SZ 华神科技 中成药
000791.SZ 甘肃能源 水力发电
000792.SZ 盐湖股份 农药化肥
000793.SZ 华闻集团 出版业
000795.SZ 英洛华 矿物制品
000796.SZ *ST凯撒 旅游服务
000797.SZ 中国武夷 全国地产
000798.SZ 中水渔业 渔业
000799.SZ 酒鬼酒 白酒
000800.SZ 一汽解放 汽车整车
000801.SZ 四川九洲 家用电器
000802.SZ 北京文化 影视音像
000803.SZ 山高环能 环境保护
000807.SZ 云铝股份 铝
000809.SZ *ST新城 区域地产
000810.SZ 创维数字 家用电器
000811.SZ 冰轮环境 工程机械
OK 0.3459054849356043 0.5736694340756258 0.27473835816195186 13.4624
000812.SZ 陕西金叶 广告包装
000813.SZ 德展健康 化学制药
000815.SZ 美利云 造纸
000816.SZ 智慧农业 农用机械
000818.SZ 航锦科技 化工原料
000819.SZ 岳阳兴长 石油加工
000820.SZ 神雾节能 环境保护
000821.SZ 京山轻机 电气设备
000822.SZ 山东海化 化工原料
000823.SZ 超声电子 元器件
000825.SZ 太钢不锈 特种钢
000826.SZ 启迪环境 环境保护
000828.SZ 东莞控股 路桥
000829.SZ 天音控股 其他商业
000830.SZ 鲁西化工 农药化肥
000831.SZ 中国稀土 小金属
000833.SZ 粤桂股份 综合类
000836.SZ ST富通 通信设备
000837.SZ 秦川机床 机床制造
000838.SZ 财信发展 区域地产
000839.SZ ST国安 综合类
000848.SZ 承德露露 软饮料
000850.SZ 华茂股份 纺织
000851.SZ ST高鸿 通信设备
000852.SZ 石化机械 化工机械
000856.SZ 冀东装备 专用机械
000858.SZ 五粮液 白酒
OK 0.1413113790006919 0.12692404156376988 0.11665948171119926 19.8419
000859.SZ 国风新材 塑料
000860.SZ 顺鑫农业 白酒
000861.SZ 海印股份 其他商业
000862.SZ 银星能源 新型电力
000863.SZ 三湘印象 区域地产
000868.SZ 安凯客车 汽车整车
000869.SZ 张裕A 红黄酒
000875.SZ 吉电股份 火力发电
OK 0.503354333879174 0.32400411217051295 0.18337336004845756 16.064
000876.SZ 新希望 饲料
000877.SZ 天山股份 水泥
000878.SZ 云南铜业 铜
000880.SZ 潍柴重机 专用机械
000881.SZ 中广核技 综合类
000882.SZ 华联股份 其他商业
000883.SZ 湖北能源 火力发电
000885.SZ 城发环境 环境保护
000886.SZ 海南高速 区域地产
000887.SZ 中鼎股份 汽车配件
000888.SZ 峨眉山A 旅游景点
000889.SZ ST中嘉 通信设备
000890.SZ 法尔胜 环境保护
000892.SZ 欢瑞世纪 影视音像
000893.SZ 亚钾国际 农药化肥
000895.SZ 双汇发展 食品
000897.SZ 津滨发展 区域地产
000898.SZ 鞍钢股份 普钢
000899.SZ 赣能股份 火力发电
000900.SZ 现代投资 路桥
000901.SZ 航天科技 汽车配件
000902.SZ 新洋丰 农药化肥
000903.SZ 云内动力 汽车配件
000905.SZ 厦门港务 港口
000906.SZ 浙商中拓 仓储物流
000908.SZ *ST景峰 化学制药
000909.SZ ST数源 综合类
000910.SZ 大亚圣象 家居用品
000911.SZ 广农糖业 食品
000912.SZ 泸天化 农药化肥
000913.SZ 钱江摩托 摩托车
000915.SZ 华特达因 化学制药
000917.SZ 电广传媒 影视音像
000919.SZ 金陵药业 化学制药
000920.SZ 沃顿科技 环境保护
000921.SZ 海信家电 家用电器
000922.SZ 佳电股份 电气设备
OK 0.645376898801639 0.25961099774896074 0.1877310306827634 19.1417
000923.SZ 河钢资源 普钢
000925.SZ 众合科技 运输设备
000926.SZ 福星股份 区域地产
000927.SZ 中国铁物 仓储物流
000928.SZ 中钢国际 建筑工程
000929.SZ 兰州黄河 啤酒
000930.SZ 中粮科技 农业综合
000931.SZ 中关村 化学制药
000932.SZ 华菱钢铁 普钢
000933.SZ 神火股份 铝
000935.SZ 四川双马 水泥
000936.SZ 华西股份 化纤
000937.SZ 冀中能源 煤炭开采
000938.SZ 紫光股份 软件服务
000948.SZ 南天信息 软件服务
000949.SZ 新乡化纤 化纤
000950.SZ 重药控股 医药商业
000951.SZ 中国重汽 汽车整车
000952.SZ 广济药业 化学制药
000953.SZ 河化股份 化学制药
000955.SZ 欣龙控股 纺织
000957.SZ 中通客车 汽车整车
000958.SZ 电投产融 多元金融
000959.SZ 首钢股份 普钢
000960.SZ 锡业股份 小金属
000961.SZ ST中南 全国地产
000962.SZ 东方钽业 小金属
000963.SZ 华东医药 化学制药
000965.SZ 天保基建 区域地产
000966.SZ 长源电力 火力发电
000967.SZ 盈峰环境 环境保护
000968.SZ 蓝焰控股 石油开采
000969.SZ 安泰科技 小金属
000970.SZ 中科三环 矿物制品
000971.SZ *ST高升 互联网
000972.SZ 中基健康 食品
000973.SZ 佛塑科技 塑料
000975.SZ 银泰黄金 黄金
000976.SZ ST华铁 运输设备
000977.SZ 浪潮信息 IT设备
000978.SZ 桂林旅游 旅游景点
000980.SZ 众泰汽车 汽车配件
000981.SZ 山子高科 汽车配件
000982.SZ 中银绒业 电气设备
000983.SZ 山西焦煤 煤炭开采
000985.SZ 大庆华科 化工原料
000987.SZ 越秀资本 多元金融
000988.SZ 华工科技 专用机械
000989.SZ ST九芝 中成药
000990.SZ 诚志股份 化工原料
000993.SZ 闽东电力 水力发电
000995.SZ 皇台酒业 白酒
000996.SZ *ST中期 汽车服务
000997.SZ 新大陆 IT设备
000998.SZ 隆平高科 种植业
000999.SZ 华润三九 中成药
001201.SZ 东瑞股份 农业综合
001202.SZ 炬申股份 仓储物流
001203.SZ 大中矿业 普钢
001205.SZ 盛航股份 水运
OK 0.32959786995674994 0.1496021246958814 0.31544016562348665 17.7216
001206.SZ 依依股份 造纸
001207.SZ 联科科技 化工原料
001208.SZ 华菱线缆 电气设备
001209.SZ 洪兴股份 服饰
001210.SZ 金房能源 供气供热
001211.SZ 双枪科技 家居用品
001212.SZ 中旗新材 其他建材
001213.SZ 中铁特货 仓储物流
001215.SZ 千味央厨 食品
001216.SZ 华瓷股份 家居用品
001217.SZ 华尔泰 化工原料
001218.SZ 丽臣实业 化工原料
001219.SZ 青岛食品 食品
001222.SZ 源飞宠物 文教休闲
001223.SZ 欧克科技 专用机械
001225.SZ 和泰机电 专用机械
001226.SZ 拓山重工 工程机械
001227.SZ 兰州银行 银行
001228.SZ 永泰运 仓储物流
001229.SZ 魅视科技 IT设备
001230.SZ 劲旅环境 环境保护
001231.SZ 农心科技 农药化肥
001234.SZ 泰慕士 服饰
001236.SZ 弘业期货 多元金融
001238.SZ 浙江正特 家居用品
001239.SZ 永达股份 工程机械
001255.SZ 博菲电气 化工原料
001256.SZ 炜冈科技 轻工机械
001258.SZ 立新能源 新型电力
001259.SZ 利仁科技 家用电器
001260.SZ 坤泰股份 汽车配件
001266.SZ 宏英智能 电器仪表
001267.SZ 汇绿生态 建筑工程
001268.SZ 联合精密 机械基件
001269.SZ 欧晶科技 矿物制品
001270.SZ 铖昌科技 半导体
001278.SZ 一彬科技 汽车配件
001282.SZ 三联锻造 汽车配件
001283.SZ 豪鹏科技 电气设备
001286.SZ 陕西能源 火力发电
001287.SZ 中电港 元器件
001288.SZ 运机集团 专用机械
001289.SZ 龙源电力 新型电力
001296.SZ 长江材料 其他建材
001298.SZ 好上好 元器件
001299.SZ 美能能源 供气供热
001300.SZ 三柏硕 文教休闲
001301.SZ 尚太科技 电气设备
001306.SZ 夏厦精密 机械基件
001308.SZ 康冠科技 元器件
001309.SZ 德明利 半导体
001311.SZ 多利科技 汽车配件
001313.SZ 粤海饲料 饲料
001314.SZ 亿道信息 元器件
001316.SZ 润贝航科 批发业
001317.SZ 三羊马 仓储物流
001318.SZ 阳光乳业 乳制品
001319.SZ 铭科精技 汽车配件
001322.SZ 箭牌家居 家居用品
001323.SZ 慕思股份 家居用品
001324.SZ 长青科技 运输设备
001326.SZ 联域股份 电气设备
001328.SZ 登康口腔 日用化工
001330.SZ 博纳影业 影视音像
001331.SZ 胜通能源 仓储物流
001332.SZ 锡装股份 专用机械
001333.SZ 光华股份 化工原料
001336.SZ 楚环科技 专用机械
001337.SZ 四川黄金 黄金
001338.SZ 永顺泰 啤酒
001339.SZ 智微智能 IT设备
001358.SZ 兴欣新材 化工原料
001359.SZ 平安电工 矿物制品
001360.SZ 南矿集团 工程机械
001366.SZ 播恩集团 饲料
001367.SZ 海森药业 化学制药
001368.SZ 通达创智 文教休闲
001373.SZ 翔腾新材 元器件
001376.SZ 百通能源 供气供热
001378.SZ 德冠新材 塑料
001379.SZ 腾达科技 机械基件
001380.SZ 华纬科技 汽车配件
001387.SZ 雪祺电气 家用电器
001389.SZ 广合科技 元器件
001696.SZ 宗申动力 摩托车
001872.SZ 招商港口 港口
001896.SZ 豫能控股 火力发电
001914.SZ 招商积余 房产服务
001965.SZ 招商公路 路桥
001979.SZ 招商蛇口 全国地产
002001.SZ 新和成 化学制药
002003.SZ 伟星股份 服饰
002004.SZ 华邦健康 农药化肥
002005.SZ ST德豪 家用电器
002006.SZ 精工科技 专用机械
002007.SZ 华兰生物 生物制药
002008.SZ 大族激光 专用机械
002009.SZ 天奇股份 工程机械
002010.SZ 传化智联 仓储物流
002011.SZ 盾安环境 家用电器
002012.SZ 凯恩股份 造纸
002014.SZ 永新股份 塑料
OK 0.14845058570726444 0.1232483513469607 0.10623711536595093 15.3556
002015.SZ 协鑫能科 新型电力
002016.SZ 世荣兆业 区域地产
002017.SZ 东信和平 通信设备
002019.SZ 亿帆医药 化学制药
002020.SZ 京新药业 化学制药
002021.SZ *ST中捷 纺织机械
002022.SZ 科华生物 医疗保健
002023.SZ 海特高新 航空
002024.SZ ST易购 电器连锁
002025.SZ 航天电器 元器件
002026.SZ 山东威达 机械基件
002027.SZ 分众传媒 广告包装
002028.SZ 思源电气 电气设备
002029.SZ 七匹狼 服饰
002030.SZ 达安基因 医疗保健
002031.SZ 巨轮智能 汽车配件
002032.SZ 苏泊尔 家用电器
002033.SZ 丽江股份 旅游景点
002034.SZ 旺能环境 环境保护
002035.SZ 华帝股份 家用电器
002036.SZ 联创电子 元器件
002037.SZ 保利联合 化工原料
002038.SZ 双鹭药业 生物制药
002039.SZ 黔源电力 水力发电
002040.SZ 南京港 港口
002041.SZ 登海种业 种植业
002042.SZ 华孚时尚 纺织
002043.SZ 兔宝宝 其他建材
002044.SZ 美年健康 医疗保健
002045.SZ 国光电器 元器件
OK 3.456880585449487 1.0145174585088095 3.0923706545178504 19.5769
002046.SZ 国机精工 机械基件
002047.SZ 宝鹰股份 装修装饰
002048.SZ 宁波华翔 汽车配件
002049.SZ 紫光国微 半导体
002050.SZ 三花智控 家用电器
002051.SZ 中工国际 建筑工程
002052.SZ *ST同洲 电气设备
002053.SZ 云南能投 食品
002054.SZ 德美化工 染料涂料
002055.SZ 得润电子 元器件
002056.SZ 横店东磁 电气设备
002057.SZ 中钢天源 矿物制品
002058.SZ 威尔泰 电器仪表
002059.SZ 云南旅游 旅游景点
002060.SZ 广东建工 建筑工程
002061.SZ 浙江交科 建筑工程
002062.SZ 宏润建设 建筑工程
002063.SZ 远光软件 软件服务
002064.SZ 华峰化学 化纤
002065.SZ 东华软件 软件服务
002066.SZ 瑞泰科技 其他建材
002067.SZ 景兴纸业 造纸
002068.SZ 黑猫股份 化工原料
002069.SZ 獐子岛 渔业
002072.SZ 凯瑞德 商贸代理
002073.SZ 软控股份 专用机械
002074.SZ 国轩高科 电气设备
002075.SZ 沙钢股份 特种钢
002076.SZ 星光股份 家用电器
002077.SZ 大港股份 半导体
002078.SZ 太阳纸业 造纸
002079.SZ 苏州固锝 半导体
002080.SZ 中材科技 玻璃
002081.SZ 金螳螂 装修装饰
002082.SZ 万邦德 中成药
002083.SZ 孚日股份 纺织
002084.SZ 海鸥住工 家居用品
002085.SZ 万丰奥威 汽车配件
002086.SZ *ST东洋 医疗保健
002087.SZ *ST新纺 纺织
002088.SZ 鲁阳节能 矿物制品
002090.SZ 金智科技 软件服务
002091.SZ 江苏国泰 商贸代理
002092.SZ 中泰化学 化工原料
002093.SZ 国脉科技 通信设备
002094.SZ 青岛金王 日用化工
002095.SZ 生意宝 互联网
002096.SZ 易普力 化工原料
002097.SZ 山河智能 工程机械
002098.SZ 浔兴股份 服饰
002099.SZ 海翔药业 化学制药
002100.SZ 天康生物 饲料
002101.SZ 广东鸿图 汽车配件
002102.SZ 能特科技 化学制药
002103.SZ 广博股份 文教休闲
002104.SZ 恒宝股份 通信设备
002105.SZ 信隆健康 摩托车
002106.SZ 莱宝高科 元器件
002107.SZ 沃华医药 中成药
002108.SZ 沧州明珠 塑料
002109.SZ 兴化股份 化工原料
002110.SZ 三钢闽光 普钢
002111.SZ 威海广泰 航空
002112.SZ 三变科技 电气设备
002114.SZ 罗平锌电 铅锌
002115.SZ 三维通信 互联网
002116.SZ 中国海诚 建筑工程
002117.SZ 东港股份 广告包装
002119.SZ 康强电子 半导体
002120.SZ 韵达股份 仓储物流
002121.SZ 科陆电子 电器仪表
002122.SZ 汇洲智能 机械基件
002123.SZ 梦网科技 互联网
002124.SZ ST天邦 农业综合
002125.SZ 湘潭电化 化工原料
002126.SZ 银轮股份 汽车配件
002127.SZ 南极电商 互联网
002128.SZ 电投能源 铝
002129.SZ TCL中环 电气设备
002130.SZ 沃尔核材 电气设备
002131.SZ 利欧股份 互联网
002132.SZ 恒星科技 钢加工
002133.SZ 广宇集团 全国地产
002134.SZ 天津普林 元器件
002135.SZ 东南网架 钢加工
002136.SZ 安纳达 化工原料
002137.SZ 实益达 元器件
002138.SZ 顺络电子 元器件
002139.SZ 拓邦股份 元器件
002140.SZ 东华科技 建筑工程
OK 0.13410277965606332 0.20189613509015544 0.6858774670808763 18.0136
002141.SZ *ST贤丰 农业综合
002142.SZ 宁波银行 银行
002144.SZ 宏达高科 纺织
002145.SZ 中核钛白 化工原料
002146.SZ 荣盛发展 全国地产
002148.SZ 北纬科技 互联网
002149.SZ 西部材料 小金属
002150.SZ 通润装备 机械基件
002151.SZ 北斗星通 通信设备
002152.SZ 广电运通 IT设备
002153.SZ 石基信息 软件服务
002154.SZ 报喜鸟 服饰
002155.SZ 湖南黄金 黄金
002156.SZ 通富微电 半导体
002157.SZ *ST正邦 农业综合
002158.SZ 汉钟精机 工程机械
OK 0.32459602061178805 0.34186044868260923 0.25487179664087534 12.7093
002159.SZ 三特索道 旅游服务
002160.SZ 常铝股份 铝
002161.SZ 远望谷 通信设备
002162.SZ 悦心健康 陶瓷
002163.SZ 海南发展 装修装饰
002164.SZ 宁波东力 机械基件
002165.SZ 红宝丽 化工原料
002166.SZ 莱茵生物 中成药
002167.SZ 东方锆业 小金属
002168.SZ 惠程科技 互联网
002169.SZ 智光电气 电气设备
002170.SZ 芭田股份 农药化肥
002171.SZ 楚江新材 铜
002172.SZ 澳洋健康 医疗保健
002173.SZ 创新医疗 医疗保健
002174.SZ 游族网络 互联网
002175.SZ 东方智造 电器仪表
002176.SZ 江特电机 小金属
002177.SZ 御银股份 其他商业
002178.SZ 延华智能 软件服务
002179.SZ 中航光电 元器件
002180.SZ 纳思达 IT设备
002181.SZ 粤传媒 出版业
002182.SZ 宝武镁业 小金属
002183.SZ 怡亚通 仓储物流
002184.SZ 海得控制 软件服务
002185.SZ 华天科技 半导体
002186.SZ 全聚德 酒店餐饮
002187.SZ 广百股份 百货
002188.SZ 中天服务 房产服务
002189.SZ 中光学 元器件
002190.SZ 成飞集成 汽车配件
002191.SZ 劲嘉股份 广告包装
002192.SZ 融捷股份 小金属
002193.SZ 如意集团 纺织
002194.SZ 武汉凡谷 通信设备
002195.SZ 岩山科技 软件服务
002196.SZ 方正电机 纺织机械
002197.SZ ST证通 IT设备
002198.SZ 嘉应制药 中成药
002199.SZ 东晶电子 元器件
002200.SZ ST交投 建筑工程
002201.SZ 正威新材 玻璃
002202.SZ 金风科技 电气设备
002203.SZ 海亮股份 铜
002204.SZ 大连重工 专用机械
002205.SZ 国统股份 其他建材
002206.SZ 海利得 化纤
002207.SZ 准油股份 石油开采
002208.SZ 合肥城建 区域地产
002209.SZ 达意隆 轻工机械
002210.SZ 飞马国际 环境保护
002211.SZ 宏达新材 橡胶
002212.SZ 天融信 软件服务
002213.SZ 大为股份 半导体
002214.SZ 大立科技 电器仪表
002215.SZ 诺普信 农药化肥
002216.SZ 三全食品 食品
002217.SZ *ST合泰 元器件
002218.SZ 拓日新能 电气设备
002219.SZ 新里程 医疗保健
002221.SZ 东华能源 石油贸易
002222.SZ 福晶科技 元器件
002223.SZ 鱼跃医疗 医疗保健
002224.SZ 三力士 橡胶
002225.SZ 濮耐股份 其他建材
OK 1.7497835290996895 0.1778547168529569 0.5528542588285368 18.3149
002226.SZ 江南化工 化工原料
002227.SZ 奥特迅 电气设备
002228.SZ 合兴包装 广告包装
002229.SZ 鸿博股份 广告包装
002230.SZ 科大讯飞 软件服务
002231.SZ 奥维通信 通信设备
002232.SZ 启明信息 软件服务
002233.SZ 塔牌集团 水泥
002234.SZ 民和股份 农业综合
002235.SZ 安妮股份 造纸
002236.SZ 大华股份 IT设备
002237.SZ 恒邦股份 黄金
002238.SZ 天威视讯 影视音像
002239.SZ 奥特佳 汽车配件
002240.SZ 盛新锂能 小金属
002241.SZ 歌尔股份 元器件
002242.SZ 九阳股份 家用电器
002243.SZ 力合科创 塑料
002244.SZ 滨江集团 区域地产
002245.SZ 蔚蓝锂芯 电气设备
002246.SZ 北化股份 化工原料
002247.SZ 聚力文化 其他建材
002248.SZ 华东数控 机床制造
002249.SZ 大洋电机 电气设备
002250.SZ 联化科技 化工原料
002251.SZ *ST步高 超市连锁
002252.SZ 上海莱士 生物制药
002253.SZ 川大智胜 软件服务
002254.SZ 泰和新材 化纤
002255.SZ 海陆重工 专用机械
002256.SZ 兆新股份 新型电力
002258.SZ 利尔化学 农药化肥
002259.SZ ST升达 供气供热
002261.SZ 拓维信息 软件服务
002262.SZ 恩华药业 化学制药
002263.SZ 大东南 塑料
002264.SZ 新华都 互联网
002265.SZ 建设工业 专用机械
002266.SZ 浙富控股 环境保护
002267.SZ 陕天然气 供气供热
002268.SZ 电科网安 软件服务
002269.SZ 美邦服饰 服饰
002270.SZ 华明装备 电气设备
002271.SZ 东方雨虹 其他建材
002272.SZ 川润股份 机械基件
002273.SZ 水晶光电 元器件
002274.SZ 华昌化工 农药化肥
002275.SZ 桂林三金 中成药
002276.SZ 万马股份 电气设备
002277.SZ 友阿股份 百货
002278.SZ 神开股份 化工机械
002279.SZ 久其软件 软件服务
002280.SZ ST联络 软件服务
002281.SZ 光迅科技 通信设备
002282.SZ 博深股份 机械基件
002283.SZ 天润工业 汽车配件
002284.SZ 亚太股份 汽车配件
002285.SZ 世联行 房产服务
002286.SZ 保龄宝 食品
002287.SZ 奇正藏药 中成药
002288.SZ *ST超华 元器件
002289.SZ ST宇顺 元器件
002290.SZ 禾盛新材 家用电器
002291.SZ 遥望科技 广告包装
002292.SZ 奥飞娱乐 影视音像
002293.SZ 罗莱生活 纺织
002294.SZ 信立泰 化学制药
002295.SZ 精艺股份 铜
002296.SZ 辉煌科技 通信设备
002297.SZ 博云新材 航空
002298.SZ 中电兴发 软件服务
002299.SZ 圣农发展 农业综合
002300.SZ 太阳电缆 电气设备
002301.SZ 齐心集团 文教休闲
002302.SZ 西部建设 水泥
002303.SZ 美盈森 造纸
002304.SZ 洋河股份 白酒
002305.SZ 南国置业 区域地产
002306.SZ 中科云网 酒店餐饮
002307.SZ 北新路桥 建筑工程
002308.SZ 威创股份 IT设备
002309.SZ *ST中利 电气设备
002310.SZ *ST东园 建筑工程
002311.SZ 海大集团 饲料
002312.SZ 川发龙蟒 化工原料
002313.SZ 日海智能 通信设备
002314.SZ 南山控股 区域地产
002315.SZ 焦点科技 互联网
002316.SZ 亚联发展 软件服务
002317.SZ 众生药业 中成药
002318.SZ 久立特材 特种钢
OK 0.6180044008744038 0.14954817523234204 0.4750347077234572 16.3591
002319.SZ 乐通股份 染料涂料
002320.SZ 海峡股份 水运
002321.SZ 华英农业 农业综合
002322.SZ 理工能科 软件服务
002323.SZ 雅博股份 建筑工程
002324.SZ 普利特 塑料
002325.SZ *ST洪涛 装修装饰
002326.SZ 永太科技 化工原料
002327.SZ 富安娜 纺织
002328.SZ 新朋股份 汽车配件
002329.SZ 皇氏集团 乳制品
002330.SZ 得利斯 食品
002331.SZ 皖通科技 软件服务
002332.SZ 仙琚制药 化学制药
002333.SZ 罗普斯金 其他建材
002334.SZ 英威腾 电气设备
002335.SZ 科华数据 电气设备
002336.SZ *ST人乐 超市连锁
002337.SZ 赛象科技 化工机械
002338.SZ 奥普光电 电器仪表
002339.SZ 积成电子 电气设备
002340.SZ 格林美 小金属
002341.SZ ST新纶 化工原料
002342.SZ 巨力索具 机械基件
002343.SZ 慈文传媒 影视音像
002344.SZ 海宁皮城 商品城
002345.SZ 潮宏基 服饰
002346.SZ 柘中股份 电气设备
002347.SZ 泰尔股份 机械基件
002348.SZ 高乐股份 文教休闲
002349.SZ 精华制药 中成药
002350.SZ 北京科锐 电气设备
002351.SZ 漫步者 IT设备
002352.SZ 顺丰控股 仓储物流
002353.SZ 杰瑞股份 化工机械
002354.SZ 天娱数科 互联网
002355.SZ 兴民智通 汽车配件
002356.SZ 赫美集团 其他商业
002357.SZ 富临运业 公路
002358.SZ 森源电气 电气设备
002360.SZ 同德化工 化工原料
002361.SZ 神剑股份 化工原料
002362.SZ 汉王科技 软件服务
002363.SZ 隆基机械 汽车配件
002364.SZ 中恒电气 电气设备
002365.SZ 永安药业 化学制药
002366.SZ 融发核电 专用机械
002367.SZ 康力电梯 运输设备
002368.SZ 太极股份 软件服务
002369.SZ 卓翼科技 通信设备
002370.SZ 亚太药业 化学制药
002371.SZ 北方华创 半导体
002372.SZ 伟星新材 其他建材
002373.SZ 千方科技 软件服务
002374.SZ 中锐股份 广告包装
002375.SZ 亚厦股份 装修装饰
002376.SZ 新北洋 IT设备
002377.SZ 国创高新 其他建材
002378.SZ 章源钨业 小金属
002379.SZ 宏创控股 铝
002380.SZ 科远智慧 软件服务
002381.SZ 双箭股份 橡胶
002382.SZ 蓝帆医疗 医疗保健
002383.SZ 合众思壮 通信设备
002384.SZ 东山精密 元器件
002385.SZ 大北农 饲料
002386.SZ 天原股份 化工原料
002387.SZ 维信诺 元器件
002388.SZ 新亚制程 元器件
002389.SZ 航天彩虹 航空
002390.SZ 信邦制药 医药商业
002391.SZ 长青股份 农药化肥
002392.SZ 北京利尔 其他建材
002393.SZ 力生制药 化学制药
002394.SZ 联发股份 纺织
002395.SZ 双象股份 塑料
002396.SZ 星网锐捷 通信设备
002397.SZ 梦洁股份 纺织
002398.SZ 垒知集团 其他建材
002399.SZ 海普瑞 化学制药
002400.SZ 省广集团 广告包装
002401.SZ 中远海科 软件服务
002402.SZ 和而泰 元器件
002403.SZ 爱仕达 家用电器
002404.SZ 嘉欣丝绸 纺织
002405.SZ 四维图新 软件服务
002406.SZ 远东传动 汽车配件
002407.SZ 多氟多 化工原料
002408.SZ 齐翔腾达 化工原料
002409.SZ 雅克科技 半导体
002410.SZ 广联达 软件服务
002412.SZ 汉森制药 中成药
002413.SZ 雷科防务 通信设备
002414.SZ 高德红外 电器仪表
002415.SZ 海康威视 IT设备
002416.SZ 爱施德 电器连锁
002418.SZ 康盛股份 家用电器
002419.SZ 天虹股份 百货
002420.SZ 毅昌科技 家用电器
002421.SZ 达实智能 软件服务
002422.SZ 科伦药业 化学制药
002423.SZ 中粮资本 多元金融
002424.SZ ST百灵 中成药
002425.SZ 凯撒文化 互联网
002426.SZ 胜利精密 元器件
002427.SZ 尤夫股份 化纤
002428.SZ 云南锗业 小金属
002429.SZ 兆驰股份 家用电器
OK 1.8890293573479888 0.4131821723164266 0.13308792757387747 15.2758
002430.SZ 杭氧股份 化工机械
002431.SZ 棕榈股份 建筑工程
002432.SZ 九安医疗 医疗保健
002433.SZ *ST太安 中成药
002434.SZ 万里扬 汽车配件
002435.SZ ST长康 化学制药
002436.SZ 兴森科技 元器件
002437.SZ 誉衡药业 化学制药
002438.SZ 江苏神通 机械基件
002439.SZ 启明星辰 软件服务
002440.SZ 闰土股份 染料涂料
002441.SZ 众业达 电气设备
002442.SZ 龙星化工 化工原料
002443.SZ 金洲管道 钢加工
002444.SZ 巨星科技 轻工机械
OK 0.1135639398230206 0.17310187679877015 0.41148576147639787 19.6553
002445.SZ 中南文化 钢加工
002446.SZ 盛路通信 通信设备
002448.SZ 中原内配 汽车配件
002449.SZ 国星光电 半导体
002451.SZ 摩恩电气 电气设备
002452.SZ 长高电新 电气设备
002453.SZ 华软科技 化工原料
002454.SZ 松芝股份 汽车配件
002455.SZ 百川股份 化工原料
002456.SZ 欧菲光 元器件
002457.SZ 青龙管业 塑料
002458.SZ 益生股份 农业综合
002459.SZ 晶澳科技 电气设备
002460.SZ 赣锋锂业 小金属
002461.SZ 珠江啤酒 啤酒
002462.SZ 嘉事堂 医药商业
002463.SZ 沪电股份 元器件
002465.SZ 海格通信 通信设备
002466.SZ 天齐锂业 小金属
002467.SZ 二六三 互联网
002468.SZ 申通快递 仓储物流
002469.SZ 三维化学 化工原料
002470.SZ 金正大 农药化肥
002471.SZ 中超控股 电气设备
002472.SZ 双环传动 汽车配件
002474.SZ 榕基软件 软件服务
002475.SZ 立讯精密 元器件
OK 0.3414140800055779 0.16705655899006155 0.22520594224534002 19.3333
002476.SZ 宝莫股份 化工原料
002478.SZ 常宝股份 钢加工
002479.SZ 富春环保 环境保护
002480.SZ 新筑股份 机械基件
002481.SZ 双塔食品 食品
002482.SZ *ST广田 装修装饰
002483.SZ 润邦股份 工程机械
002484.SZ 江海股份 元器件
002485.SZ ST雪发 商贸代理
002486.SZ 嘉麟杰 服饰
002487.SZ 大金重工 电气设备
002488.SZ 金固股份 汽车配件
002489.SZ 浙江永强 家居用品
002490.SZ ST墨龙 化工机械
002491.SZ 通鼎互联 通信设备
002492.SZ 恒基达鑫 仓储物流
002493.SZ 荣盛石化 化纤
002494.SZ 华斯股份 服饰
002495.SZ 佳隆股份 食品
002496.SZ 辉丰股份 农药化肥
002497.SZ 雅化集团 小金属
002498.SZ 汉缆股份 电气设备
002500.SZ 山西证券 证券
002501.SZ 利源股份 铝
002502.SZ ST鼎龙 互联网
002505.SZ 鹏都农牧 商贸代理
002506.SZ 协鑫集成 电气设备
002507.SZ 涪陵榨菜 食品
002508.SZ 老板电器 家用电器
002510.SZ 天汽模 汽车配件
002511.SZ 中顺洁柔 造纸
002512.SZ 达华智能 元器件
002513.SZ 蓝丰生化 农药化肥
002514.SZ 宝馨科技 机械基件
002515.SZ 金字火腿 食品
002516.SZ 旷达科技 汽车配件
002517.SZ 恺英网络 互联网
OK 0.6120388356768444 0.16113671995592913 0.16355937969904427 17.2
002518.SZ 科士达 电气设备
002519.SZ 银河电子 通信设备
002520.SZ 日发精机 机床制造
002521.SZ 齐峰新材 造纸
002522.SZ 浙江众成 塑料
002523.SZ 天桥起重 工程机械
002524.SZ 光正眼科 医疗保健
002526.SZ 山东矿机 工程机械
002527.SZ 新时达 电器仪表
002528.SZ ST英飞拓 IT设备
002529.SZ 海源复材 专用机械
002530.SZ 金财互联 专用机械
002531.SZ 天顺风能 电气设备
002532.SZ 天山铝业 铝
002533.SZ 金杯电工 电气设备
OK 0.17105673511347935 0.4141811473086717 0.13726119529446845 14.3054
002534.SZ 西子洁能 专用机械
002535.SZ 林州重机 工程机械
002536.SZ 飞龙股份 汽车配件
002537.SZ 海联金汇 汽车配件
002538.SZ 司尔特 农药化肥
002539.SZ 云图控股 农药化肥
002540.SZ 亚太科技 铝
002541.SZ 鸿路钢构 钢加工
002542.SZ 中化岩土 建筑工程
002543.SZ 万和电气 家用电器
002544.SZ 普天科技 通信设备
002545.SZ 东方铁塔 农药化肥
002546.SZ 新联电子 电气设备
002547.SZ 春兴精工 汽车配件
002548.SZ 金新农 饲料
002549.SZ 凯美特气 环境保护
002550.SZ 千红制药 生物制药
002551.SZ 尚荣医疗 医疗保健
002552.SZ 宝鼎科技 元器件
002553.SZ 南方精工 汽车配件
002554.SZ 惠博普 石油开采
002555.SZ 三七互娱 互联网
002556.SZ 辉隆股份 农药化肥
002557.SZ 洽洽食品 食品
002558.SZ 巨人网络 互联网
002559.SZ 亚威股份 机床制造
002560.SZ 通达股份 电气设备
002561.SZ 徐家汇 百货
002562.SZ 兄弟科技 化学制药
002563.SZ 森马服饰 服饰
002564.SZ *ST天沃 化工机械
002565.SZ 顺灏股份 造纸
002566.SZ 益盛药业 中成药
002567.SZ 唐人神 饲料
002568.SZ 百润股份 红黄酒
002569.SZ ST步森 服饰
002570.SZ 贝因美 乳制品
002571.SZ 德力股份 家居用品
002572.SZ 索菲亚 家居用品
OK 5.988011851549842 0.23019599150075676 0.6717690709564708 14.1867
002573.SZ 清新环境 环境保护
002574.SZ 明牌珠宝 服饰
002575.SZ 群兴玩具 文教休闲
002576.SZ 通达动力 电气设备
002577.SZ 雷柏科技 IT设备
002578.SZ 闽发铝业 铝
002579.SZ 中京电子 元器件
002580.SZ 圣阳股份 电气设备
002581.SZ 未名医药 生物制药
002582.SZ 好想你 食品
002583.SZ 海能达 通信设备
002584.SZ 西陇科学 化工原料
002585.SZ 双星新材 塑料
002586.SZ *ST围海 建筑工程
002587.SZ 奥拓电子 元器件
002588.SZ 史丹利 农药化肥
002589.SZ 瑞康医药 医药商业
002590.SZ 万安科技 汽车配件
002591.SZ 恒大高新 环境保护
002592.SZ ST八菱 汽车配件
002593.SZ 日上集团 钢加工
002594.SZ 比亚迪 汽车整车
002595.SZ 豪迈科技 专用机械
002596.SZ 海南瑞泽 其他建材
002597.SZ 金禾实业 食品
002598.SZ 山东章鼓 机械基件
002599.SZ 盛通股份 广告包装
002600.SZ 领益智造 元器件
002601.SZ 龙佰集团 化工原料
002602.SZ 世纪华通 互联网
002603.SZ 以岭药业 中成药
002605.SZ 姚记科技 互联网
002606.SZ 大连电瓷 电气设备
002607.SZ 中公教育 文教休闲
002608.SZ 江苏国信 火力发电
002609.SZ 捷顺科技 软件服务
002610.SZ ST爱康 电气设备
002611.SZ 东方精工 轻工机械
002612.SZ 朗姿股份 服饰
002613.SZ 北玻股份 专用机械
002614.SZ 奥佳华 家用电器
002615.SZ 哈尔斯 家居用品
OK 0.5552305095592395 0.23788427844473117 11.676360212086225 14.2276
002616.SZ 长青集团 环境保护
002617.SZ 露笑科技 电气设备
002620.SZ 瑞和股份 装修装饰
002621.SZ *ST美吉 文教休闲
002622.SZ 皓宸医疗 医疗保健
002623.SZ 亚玛顿 玻璃
002624.SZ 完美世界 互联网
002625.SZ 光启技术 航空
002626.SZ 金达威 医疗保健
002627.SZ 三峡旅游 旅游景点
002628.SZ 成都路桥 建筑工程
002629.SZ 仁智股份 石油开采
002630.SZ 华西能源 专用机械
002631.SZ 德尔未来 家居用品
002632.SZ 道明光学 塑料
002633.SZ 申科股份 机械基件
002634.SZ 棒杰股份 服饰
002635.SZ 安洁科技 元器件
002636.SZ 金安国纪 元器件
002637.SZ 赞宇科技 日用化工
002638.SZ 勤上股份 半导体
002639.SZ 雪人股份 专用机械
002640.SZ 跨境通 互联网
002641.SZ 公元股份 塑料
002642.SZ 荣联科技 软件服务
002643.SZ 万润股份 化工原料
002644.SZ 佛慈制药 中成药
002645.SZ 华宏科技 专用机械
002646.SZ 天佑德酒 白酒
002647.SZ 仁东控股 多元金融
002648.SZ 卫星化学 化工原料
002649.SZ 博彦科技 软件服务
002650.SZ ST加加 食品
002651.SZ 利君股份 专用机械
002652.SZ 扬子新材 其他建材
002653.SZ 海思科 化学制药
002654.SZ 万润科技 互联网
002655.SZ 共达电声 元器件
002656.SZ ST摩登 服饰
002657.SZ 中科金财 软件服务
002658.SZ 雪迪龙 环境保护
002659.SZ 凯文教育 文教休闲
002660.SZ 茂硕电源 电气设备
002661.SZ 克明食品 食品
002662.SZ 京威股份 汽车配件
OK 3.279463060520714 0.15217816339143422 0.8241865763562002 9.9511
002663.SZ 普邦股份 建筑工程
002664.SZ 信质集团 汽车配件
002665.SZ ST航高 电气设备
002666.SZ 德联集团 化工原料
002667.SZ 威领股份 小金属
002668.SZ TCL智家 家用电器
OK 1.385323969522211 0.6746121963350044 0.21809617237729728 15.643
002669.SZ 康达新材 化工原料
002670.SZ 国盛金控 证券
002671.SZ 龙泉股份 水泥
002672.SZ 东江环保 环境保护
002673.SZ 西部证券 证券
002674.SZ 兴业科技 纺织
002675.SZ 东诚药业 化学制药
002676.SZ 顺威股份 家用电器
002677.SZ 浙江美大 家用电器
002678.SZ 珠江钢琴 文教休闲
002679.SZ 福建金森 林业
002681.SZ 奋达科技 元器件
002682.SZ 龙洲股份 仓储物流
002683.SZ 广东宏大 化工原料
002685.SZ 华东重机 机床制造
002686.SZ 亿利达 专用机械
002687.SZ 乔治白 服饰
002688.SZ 金河生物 农业综合
002689.SZ 远大智能 运输设备
002690.SZ 美亚光电 专用机械
002691.SZ 冀凯股份 专用机械
002692.SZ 远程股份 电气设备
002693.SZ 双成药业 生物制药
002694.SZ 顾地科技 塑料
002695.SZ 煌上煌 食品
002696.SZ 百洋股份 饲料
002697.SZ 红旗连锁 超市连锁
002698.SZ 博实股份 化工机械
002699.SZ *ST美盛 影视音像
002700.SZ ST浩源 供气供热
002701.SZ 奥瑞金 广告包装
002702.SZ 海欣食品 食品
002703.SZ 浙江世宝 汽车配件
002705.SZ 新宝股份 家用电器
002706.SZ 良信股份 电气设备
002707.SZ 众信旅游 旅游服务
002708.SZ 光洋股份 汽车配件
002709.SZ 天赐材料 化工原料
002712.SZ 思美传媒 广告包装
002713.SZ 东易日盛 装修装饰
002714.SZ 牧原股份 农业综合
002715.SZ 登云股份 汽车配件
002716.SZ 湖南白银 小金属
002717.SZ 岭南股份 环境保护
002718.SZ 友邦吊顶 其他建材
002719.SZ 麦趣尔 乳制品
002721.SZ *ST金一 服饰
002722.SZ 物产金轮 纺织机械
002723.SZ 小崧股份 家用电器
002724.SZ 海洋王 元器件
002725.SZ 跃岭股份 汽车配件
002726.SZ 龙大美食 食品
002727.SZ 一心堂 医药商业
002728.SZ 特一药业 中成药
002729.SZ 好利科技 元器件
002730.SZ 电光科技 专用机械
002731.SZ 萃华珠宝 服饰
OK 0.40136975294777005 0.9818281636235565 0.9007925196409751 14.9496
002732.SZ 燕塘乳业 乳制品
002733.SZ 雄韬股份 电气设备
002734.SZ 利民股份 农药化肥
002735.SZ 王子新材 塑料
002736.SZ 国信证券 证券
002737.SZ 葵花药业 中成药
002738.SZ 中矿资源 小金属
002739.SZ 万达电影 影视音像
002741.SZ 光华科技 化工原料
002742.SZ ST三圣 其他建材
002743.SZ 富煌钢构 钢加工
002745.SZ 木林森 元器件
002746.SZ 仙坛股份 农业综合
002747.SZ 埃斯顿 机械基件
002748.SZ 世龙实业 化工原料
002749.SZ 国光股份 农药化肥
002750.SZ *ST龙津 中成药
002752.SZ 昇兴股份 广告包装
OK 0.2605977012414723 0.5583164984479917 1.3970771354885054 17.5118
002753.SZ 永东股份 化工原料
002755.SZ 奥赛康 化学制药
002756.SZ 永兴材料 小金属
002757.SZ 南兴股份 专用机械
002758.SZ 浙农股份 汽车服务
002759.SZ 天际股份 家用电器
002760.SZ 凤形股份 机械基件
002761.SZ 浙江建投 建筑工程
002762.SZ 金发拉比 服饰
002763.SZ 汇洁股份 服饰
002765.SZ 蓝黛科技 元器件
002766.SZ 索菱股份 汽车配件
002767.SZ 先锋电子 电器仪表
002768.SZ 国恩股份 塑料
002769.SZ 普路通 仓储物流
002771.SZ 真视通 软件服务
002772.SZ 众兴菌业 种植业
002773.SZ 康弘药业 化学制药
002774.SZ 快意电梯 运输设备
002775.SZ 文科股份 建筑工程
002777.SZ 久远银海 软件服务
002778.SZ 中晟高科 环境保护
002779.SZ 中坚科技 农用机械
002780.SZ 三夫户外 服饰
002782.SZ 可立克 电气设备
002783.SZ 凯龙股份 化工原料
002785.SZ 万里石 其他建材
002786.SZ 银宝山新 专用机械
002787.SZ 华源控股 广告包装
002788.SZ 鹭燕医药 医药商业
002789.SZ 建艺集团 装修装饰
002790.SZ 瑞尔特 家居用品
002791.SZ 坚朗五金 其他建材
002792.SZ 通宇通讯 通信设备
002793.SZ 罗欣药业 化学制药
002795.SZ 永和智控 机械基件
002796.SZ 世嘉科技 通信设备
002797.SZ 第一创业 证券
002798.SZ 帝欧家居 家居用品
002799.SZ 环球印务 广告包装
002800.SZ ST天顺 仓储物流
002801.SZ 微光股份 电气设备
002802.SZ 洪汇新材 化工原料
002803.SZ 吉宏股份 互联网
002805.SZ 丰元股份 电气设备
002806.SZ 华锋股份 汽车配件
002807.SZ 江阴银行 银行
OK 0.2585332972168515 0.24928782505544636 0.13182612951734488 4.9147
002808.SZ ST恒久 元器件
002809.SZ 红墙股份 化工原料
002810.SZ 山东赫达 化工原料
002811.SZ 郑中设计 装修装饰
002812.SZ 恩捷股份 电气设备
002813.SZ 路畅科技 汽车配件
002815.SZ 崇达技术 元器件
002816.SZ *ST和科 专用机械
002817.SZ 黄山胶囊 化学制药
002818.SZ 富森美 其他商业
002819.SZ 东方中科 电器仪表
002820.SZ 桂发祥 食品
002821.SZ 凯莱英 生物制药
002822.SZ ST中装 装修装饰
002823.SZ 凯中精密 机械基件
002824.SZ 和胜股份 铝
002825.SZ 纳尔股份 化工原料
002826.SZ 易明医药 化学制药
002827.SZ 高争民爆 化工原料
002828.SZ 贝肯能源 石油开采
002829.SZ 星网宇达 航空
002830.SZ 名雕股份 装修装饰
002831.SZ 裕同科技 广告包装
002832.SZ 比音勒芬 服饰
OK 0.16501444336194293 0.2517186247612066 0.20412522654105214 18.6047
002833.SZ 弘亚数控 专用机械
002835.SZ 同为股份 IT设备
002836.SZ 新宏泽 广告包装
002837.SZ 英维克 专用机械
002838.SZ 道恩股份 塑料
002839.SZ 张家港行 银行
002840.SZ 华统股份 食品
002841.SZ 视源股份 元器件
002842.SZ 翔鹭钨业 小金属
002843.SZ 泰嘉股份 钢加工
002845.SZ 同兴达 元器件
002846.SZ 英联股份 广告包装
002847.SZ 盐津铺子 食品
002848.SZ 高斯贝尔 家用电器
002849.SZ 威星智能 电器仪表
002850.SZ 科达利 电气设备
002851.SZ 麦格米特 电气设备
002852.SZ 道道全 食品
002853.SZ 皮阿诺 家居用品
002855.SZ 捷荣技术 元器件
002856.SZ 美芝股份 装修装饰
002857.SZ 三晖电气 电器仪表
002858.SZ 力盛体育 文教休闲
002859.SZ 洁美科技 元器件
002860.SZ 星帅尔 家用电器
002861.SZ 瀛通通讯 元器件
002862.SZ 实丰文化 文教休闲
002863.SZ 今飞凯达 汽车配件
002864.SZ 盘龙药业 中成药
002865.SZ 钧达股份 电气设备
002866.SZ 传艺科技 IT设备
002867.SZ 周大生 服饰
002868.SZ 绿康生化 农业综合
002869.SZ 金溢科技 通信设备
002870.SZ 香山股份 汽车配件
002871.SZ 伟隆股份 机械基件
002872.SZ ST天圣 医药商业
002873.SZ 新天药业 中成药
002875.SZ 安奈儿 服饰
002876.SZ 三利谱 元器件
002877.SZ 智能自控 机械基件
002878.SZ 元隆雅图 广告包装
002879.SZ 长缆科技 电气设备
002880.SZ 卫光生物 生物制药
002881.SZ 美格智能 通信设备
002882.SZ 金龙羽 电气设备
002883.SZ 中设股份 建筑工程
002884.SZ 凌霄泵业 机械基件
002885.SZ 京泉华 元器件
002886.SZ 沃特股份 塑料
002887.SZ 绿茵生态 环境保护
002888.SZ 惠威科技 元器件
002889.SZ 东方嘉盛 仓储物流
002890.SZ 弘宇股份 农用机械
002891.SZ 中宠股份 饲料
002892.SZ 科力尔 电气设备
002893.SZ 京能热力 供气供热
002895.SZ 川恒股份 化工原料
002896.SZ 中大力德 机械基件
002897.SZ 意华股份 元器件
002898.SZ 赛隆药业 化学制药
002899.SZ 英派斯 文教休闲
002900.SZ 哈三联 化学制药
002901.SZ 大博医疗 医疗保健
002902.SZ 铭普光磁 通信设备
002903.SZ 宇环数控 机床制造
002905.SZ 金逸影视 影视音像
002906.SZ 华阳集团 汽车配件
002907.SZ 华森制药 中成药
002908.SZ 德生科技 元器件
002909.SZ 集泰股份 化工原料
002910.SZ 庄园牧场 乳制品
002911.SZ 佛燃能源 供气供热
002912.SZ 中新赛克 IT设备
002913.SZ 奥士康 元器件
002915.SZ 中欣氟材 化工原料
002916.SZ 深南电路 元器件
002917.SZ 金奥博 化工原料
002918.SZ 蒙娜丽莎 陶瓷
002919.SZ 名臣健康 互联网
002920.SZ 德赛西威 汽车配件
002921.SZ 联诚精密 汽车配件
002922.SZ 伊戈尔 电气设备
002923.SZ 润都股份 化学制药
002925.SZ 盈趣科技 元器件
002926.SZ 华西证券 证券
002927.SZ 泰永长征 电气设备
002928.SZ 华夏航空 空运
002929.SZ 润建股份 通信设备
002930.SZ 宏川智慧 仓储物流
002931.SZ 锋龙股份 机械基件
002932.SZ 明德生物 医疗保健
002933.SZ 新兴装备 航空
002935.SZ 天奥电子 航空
002936.SZ 郑州银行 银行
002937.SZ 兴瑞科技 元器件
002938.SZ 鹏鼎控股 元器件
002939.SZ 长城证券 证券
002940.SZ 昂利康 化学制药
002941.SZ 新疆交建 建筑工程
002942.SZ 新农股份 农药化肥
002943.SZ 宇晶股份 机床制造
002945.SZ 华林证券 证券
002946.SZ 新乳业 乳制品
002947.SZ 恒铭达 元器件
002948.SZ 青岛银行 银行
002949.SZ 华阳国际 建筑工程
OK 0.10711037404624216 0.30977342459146584 1.1479751021045739 13.4517
002950.SZ 奥美医疗 医疗保健
002951.SZ *ST金时 广告包装
002952.SZ 亚世光电 元器件
002953.SZ 日丰股份 电气设备
002955.SZ 鸿合科技 IT设备
002956.SZ 西麦食品 食品
002957.SZ 科瑞技术 专用机械
002958.SZ 青农商行 银行
002959.SZ 小熊电器 家用电器
002960.SZ 青鸟消防 专用机械
002961.SZ 瑞达期货 多元金融
002962.SZ 五方光电 元器件
002963.SZ 豪尔赛 装修装饰
002965.SZ 祥鑫科技 汽车配件
OK 2.9869580113079186 0.5971440225149913 0.47684562246798473 18.6849
002966.SZ 苏州银行 银行
OK 0.25230765196770427 0.16528547686766923 0.11392601364201138 5.9536
002967.SZ 广电计量 电器仪表
002968.SZ 新大正 房产服务
002969.SZ 嘉美包装 广告包装
002970.SZ 锐明技术 IT设备
002971.SZ 和远气体 化工原料
002972.SZ 科安达 运输设备
002973.SZ 侨银股份 环境保护
002975.SZ 博杰股份 专用机械
002976.SZ 瑞玛精密 汽车配件
002977.SZ 天箭科技 通信设备
002978.SZ 安宁股份 小金属
002979.SZ 雷赛智能 专用机械
002980.SZ 华盛昌 电器仪表
002981.SZ 朝阳科技 元器件
002982.SZ 湘佳股份 农业综合
002983.SZ 芯瑞达 元器件
002984.SZ 森麒麟 汽车配件
002985.SZ 北摩高科 航空
002986.SZ 宇新股份 化工原料
002987.SZ 京北方 软件服务
002988.SZ 豪美新材 铝
002989.SZ 中天精装 装修装饰
002990.SZ 盛视科技 软件服务
002991.SZ 甘源食品 食品
002992.SZ 宝明科技 元器件
002993.SZ 奥海科技 元器件
002995.SZ 天地在线 互联网
002996.SZ 顺博合金 铝
002997.SZ 瑞鹄模具 专用机械
002998.SZ 优彩资源 化纤
002999.SZ 天禾股份 批发业
003000.SZ 劲仔食品 食品
003001.SZ 中岩大地 建筑工程
003002.SZ 壶化股份 化工原料
003003.SZ 天元股份 广告包装
003004.SZ 声迅股份 软件服务
003005.SZ 竞业达 软件服务
003006.SZ 百亚股份 造纸
003007.SZ 直真科技 软件服务
003008.SZ 开普检测 电气设备
003009.SZ 中天火箭 航空
003010.SZ 若羽臣 互联网
003011.SZ 海象新材 家居用品
003012.SZ 东鹏控股 陶瓷
003013.SZ 地铁设计 建筑工程
003015.SZ 日久光电 元器件
003016.SZ 欣贺股份 服饰
003017.SZ 大洋生物 化工原料
003018.SZ 金富科技 塑料
003019.SZ 宸展光电 元器件
003020.SZ 立方制药 化学制药
003021.SZ 兆威机电 元器件
003022.SZ 联泓新科 化工原料
003023.SZ 彩虹集团 家用电器
003025.SZ 思进智能 机床制造
003026.SZ 中晶科技 半导体
003027.SZ 同兴环保 环境保护
003028.SZ 振邦智能 元器件
003029.SZ 吉大正元 软件服务
003030.SZ 祖名股份 食品
003031.SZ 中瓷电子 元器件
003032.SZ 传智教育 文教休闲
003033.SZ 征和工业 汽车配件
003035.SZ 南网能源 新型电力
003036.SZ 泰坦股份 纺织机械
003037.SZ 三和管桩 水泥
003038.SZ 鑫铂股份 铝
OK 0.5538391812581926 0.6080739845294851 0.5672215718202809 16.9365
003039.SZ 顺控发展 水务
003040.SZ 楚天龙 通信设备
003041.SZ 真爱美家 纺织
003042.SZ 中农联合 农药化肥
003043.SZ 华亚智能 半导体
003816.SZ 中国广核 新型电力
300001.SZ 特锐德 电气设备
300002.SZ 神州泰岳 互联网
300003.SZ 乐普医疗 医疗保健
300004.SZ 南风股份 电气设备
300005.SZ 探路者 服饰
300006.SZ 莱美药业 化学制药
300007.SZ 汉威科技 电器仪表
300008.SZ 天海防务 船舶
300009.SZ 安科生物 生物制药
300010.SZ *ST豆神 软件服务
300011.SZ 鼎汉技术 运输设备
300012.SZ 华测检测 电器仪表
300013.SZ *ST新宁 仓储物流
300014.SZ 亿纬锂能 电气设备
300015.SZ 爱尔眼科 医疗保健
300016.SZ 北陆药业 化学制药
300017.SZ 网宿科技 软件服务
300018.SZ 中元股份 电气设备
300019.SZ 硅宝科技 化工原料
300020.SZ *ST银江 软件服务
300021.SZ 大禹节水 建筑工程
300022.SZ 吉峰科技 农用机械
300024.SZ 机器人 专用机械
300025.SZ 华星创业 通信设备
300026.SZ 红日药业 中成药
300027.SZ 华谊兄弟 影视音像
300029.SZ ST天龙 建筑工程
300030.SZ 阳普医疗 医疗保健
300031.SZ 宝通科技 互联网
300032.SZ 金龙机电 元器件
300033.SZ 同花顺 软件服务
300034.SZ 钢研高纳 航空
300035.SZ 中科电气 电气设备
300036.SZ 超图软件 软件服务
300037.SZ 新宙邦 化工原料
300039.SZ 上海凯宝 中成药
300040.SZ 九洲集团 电气设备
300041.SZ 回天新材 化工原料
300042.SZ 朗科科技 IT设备
300043.SZ 星辉娱乐 互联网
300044.SZ 赛为智能 软件服务
300045.SZ 华力创通 IT设备
300046.SZ 台基股份 半导体
300047.SZ 天源迪科 软件服务
300048.SZ 合康新能 电气设备
300049.SZ 福瑞股份 医疗保健
300050.SZ 世纪鼎利 通信设备
300051.SZ 琏升科技 综合类
300052.SZ 中青宝 互联网
300053.SZ 航宇微 半导体
300054.SZ 鼎龙股份 化工原料
300055.SZ 万邦达 石油加工
300056.SZ 中创环保 环境保护
300057.SZ 万顺新材 铝
300058.SZ 蓝色光标 广告包装
300059.SZ 东方财富 证券
300061.SZ 旗天科技 互联网
300062.SZ 中能电气 电气设备
300063.SZ 天龙集团 互联网
300065.SZ 海兰信 船舶
300066.SZ 三川智慧 电器仪表
300067.SZ 安诺其 染料涂料
300068.SZ 南都电源 电气设备
300069.SZ 金利华电 电气设备
300070.SZ 碧水源 环境保护
300071.SZ 福石控股 广告包装
300072.SZ 海新能科 环境保护
300073.SZ 当升科技 电气设备
300074.SZ 华平股份 软件服务
300075.SZ 数字政通 软件服务
300076.SZ GQY视讯 IT设备
300077.SZ 国民技术 半导体
300078.SZ 思创医惠 软件服务
300079.SZ 数码视讯 通信设备
300080.SZ 易成新能 电气设备
300081.SZ 恒信东方 文教休闲
300082.SZ 奥克股份 化工原料
300083.SZ 创世纪 机床制造
300084.SZ 海默科技 专用机械
300085.SZ 银之杰 软件服务
300086.SZ 康芝药业 化学制药
300087.SZ 荃银高科 种植业
300088.SZ 长信科技 元器件
300091.SZ 金通灵 机械基件
300092.SZ 科新机电 专用机械
300093.SZ 金刚光伏 电气设备
300094.SZ 国联水产 渔业
300095.SZ 华伍股份 电气设备
300096.SZ ST易联众 软件服务
300097.SZ 智云股份 专用机械
300098.SZ 高新兴 软件服务
300099.SZ 尤洛卡 电器仪表
300100.SZ 双林股份 汽车服务
300101.SZ 振芯科技 通信设备
300102.SZ 乾照光电 半导体
300103.SZ 达刚控股 环境保护
300105.SZ 龙源技术 电器仪表
300106.SZ 西部牧业 乳制品
300107.SZ 建新股份 化工原料
300108.SZ *ST吉药 中成药
300109.SZ 新开源 化工原料
300110.SZ 华仁药业 化学制药
300111.SZ 向日葵 化学制药
300112.SZ 万讯自控 电器仪表
300113.SZ 顺网科技 互联网
300114.SZ 中航电测 电器仪表
300115.SZ 长盈精密 元器件
300116.SZ *ST保力 电气设备
300117.SZ *ST嘉寓 电气设备
300118.SZ 东方日升 电气设备
300119.SZ 瑞普生物 农业综合
300120.SZ 经纬辉开 元器件
300121.SZ 阳谷华泰 化工原料
300122.SZ 智飞生物 生物制药
300123.SZ 亚光科技 半导体
300124.SZ 汇川技术 电器仪表
300125.SZ ST聆达 电气设备
300126.SZ 锐奇股份 轻工机械
300127.SZ 银河磁体 矿物制品
300128.SZ 锦富技术 元器件
300129.SZ 泰胜风能 电气设备
300130.SZ 新国都 IT设备
300131.SZ 英唐智控 元器件
300132.SZ 青松股份 化工原料
300133.SZ 华策影视 影视音像
300134.SZ 大富科技 通信设备
300135.SZ 宝利国际 化工原料
300136.SZ 信维通信 元器件
300137.SZ 先河环保 环境保护
300138.SZ 晨光生物 食品
300139.SZ 晓程科技 黄金
300140.SZ 节能环境 环境保护
300141.SZ 和顺电气 电气设备
300142.SZ 沃森生物 生物制药
300143.SZ 盈康生命 医疗保健
300144.SZ 宋城演艺 旅游景点
300145.SZ 中金环境 机械基件
300146.SZ 汤臣倍健 食品
300147.SZ 香雪制药 中成药
300148.SZ 天舟文化 互联网
300149.SZ 睿智医药 生物制药
300150.SZ 世纪瑞尔 软件服务
300151.SZ 昌红科技 专用机械
300152.SZ 新动力 环境保护
300153.SZ 科泰电源 电气设备
300154.SZ 瑞凌股份 机械基件
300155.SZ 安居宝 IT设备
300157.SZ 新锦动力 石油开采
300158.SZ 振东制药 化学制药
300159.SZ 新研股份 航空
300160.SZ 秀强股份 家用电器
300161.SZ 华中数控 机床制造
300162.SZ 雷曼光电 元器件
300163.SZ ST先锋 其他建材
300164.SZ 通源石油 石油开采
300165.SZ 天瑞仪器 电器仪表
300166.SZ 东方国信 软件服务
300167.SZ *ST迪威 软件服务
300168.SZ 万达信息 软件服务
300169.SZ 天晟新材 塑料
300170.SZ 汉得信息 软件服务
300171.SZ 东富龙 医疗保健
300172.SZ 中电环保 环境保护
300173.SZ 福能东方 轻工机械
300174.SZ 元力股份 化工原料
300175.SZ 朗源股份 食品
300176.SZ 派生科技 汽车配件
300177.SZ 中海达 通信设备
300179.SZ 四方达 矿物制品
300180.SZ 华峰超纤 化纤
300181.SZ 佐力药业 中成药
300182.SZ 捷成股份 影视音像
300183.SZ 东软载波 通信设备
300184.SZ 力源信息 元器件
300185.SZ 通裕重工 工程机械
300187.SZ 永清环保 环境保护
300188.SZ 国投智能 软件服务
300189.SZ 神农科技 种植业
300190.SZ 维尔利 环境保护
300191.SZ 潜能恒信 石油开采
300192.SZ 科德教育 文教休闲
300193.SZ 佳士科技 专用机械
300194.SZ 福安药业 化学制药
300195.SZ 长荣股份 轻工机械
300196.SZ 长海股份 玻璃
300197.SZ 节能铁汉 环境保护
300198.SZ 纳川股份 塑料
300199.SZ 翰宇药业 化学制药
300200.SZ 高盟新材 化工原料
300201.SZ 海伦哲 工程机械
300203.SZ 聚光科技 环境保护
300204.SZ 舒泰神 生物制药
300205.SZ ST天喻 通信设备
300206.SZ 理邦仪器 医疗保健
300207.SZ 欣旺达 电气设备
300208.SZ *ST中程 电气设备
300209.SZ *ST有树 互联网
300210.SZ 森远股份 专用机械
300211.SZ 亿通科技 通信设备
300212.SZ 易华录 软件服务
300213.SZ 佳讯飞鸿 通信设备
300214.SZ 日科化学 化工原料
300215.SZ 电科院 电气设备
300217.SZ 东方电热 家用电器
OK 0.8058117723211283 1.1277873917542722 0.2665116180158942 10.3807
300218.SZ 安利股份 塑料
300219.SZ 鸿利智汇 元器件
300220.SZ ST金运 专用机械
300221.SZ 银禧科技 塑料
300222.SZ 科大智能 电气设备
300223.SZ 北京君正 半导体
300224.SZ 正海磁材 矿物制品
300225.SZ 金力泰 染料涂料
300226.SZ 上海钢联 互联网
300227.SZ 光韵达 专用机械
300228.SZ 富瑞特装 化工机械
300229.SZ 拓尔思 软件服务
300230.SZ 永利股份 塑料
OK 0.13029475374109922 0.5624847160076099 0.5108131686263568 8.8512
300231.SZ 银信科技 软件服务
300232.SZ 洲明科技 元器件
300233.SZ 金城医药 化学制药
300234.SZ 开尔新材 陶瓷
300235.SZ 方直科技 软件服务
300236.SZ 上海新阳 半导体
300237.SZ 美晨生态 汽车配件
300238.SZ 冠昊生物 医疗保健
300239.SZ 东宝生物 生物制药
300240.SZ 飞力达 仓储物流
300241.SZ 瑞丰光电 半导体
300242.SZ 佳云科技 互联网
300243.SZ 瑞丰高材 化工原料
300244.SZ 迪安诊断 医疗保健
300245.SZ 天玑科技 软件服务
300246.SZ 宝莱特 医疗保健
300247.SZ 融捷健康 医疗保健
300248.SZ 新开普 软件服务
300249.SZ 依米康 IT设备
300250.SZ 初灵信息 软件服务
300251.SZ 光线传媒 影视音像
300252.SZ 金信诺 通信设备
300253.SZ 卫宁健康 软件服务
300254.SZ 仟源医药 化学制药
300255.SZ 常山药业 生物制药
300256.SZ 星星科技 元器件
300257.SZ 开山股份 机械基件
300258.SZ 精锻科技 汽车配件
300259.SZ 新天科技 电器仪表
300260.SZ 新莱应材 机械基件
300261.SZ 雅本化学 农药化肥
300262.SZ *ST巴安 水务
300263.SZ 隆华科技 专用机械
300264.SZ 佳创视讯 软件服务
300265.SZ 通光线缆 电气设备
300266.SZ 兴源环境 环境保护
300267.SZ 尔康制药 化学制药
300268.SZ *ST佳沃 农业综合
300269.SZ 联建光电 元器件
300270.SZ 中威电子 IT设备
300271.SZ 华宇软件 软件服务
300272.SZ 开能健康 家用电器
300274.SZ 阳光电源 电气设备
OK 1.168689925072057 1.6001641322937958 0.3782770683056729 16.7874
300275.SZ 梅安森 工程机械
300276.SZ 三丰智能 专用机械
300277.SZ 海联讯 软件服务
300278.SZ 华昌达 专用机械
300279.SZ 和晶科技 元器件
300280.SZ 紫天科技 广告包装
300281.SZ 金明精机 专用机械
300282.SZ *ST三盛 文教休闲
300283.SZ 温州宏丰 电气设备
300284.SZ 苏交科 建筑工程
300285.SZ 国瓷材料 陶瓷
300286.SZ 安科瑞 电器仪表
300287.SZ 飞利信 软件服务
300288.SZ 朗玛信息 软件服务
300289.SZ 利德曼 医疗保健
300290.SZ 荣科科技 软件服务
300291.SZ 百纳千成 影视音像
300292.SZ 吴通控股 互联网
300293.SZ 蓝英装备 专用机械
300294.SZ 博雅生物 生物制药
300295.SZ 三六五网 互联网
300296.SZ 利亚德 元器件
300298.SZ 三诺生物 医疗保健
300299.SZ 富春股份 互联网
300300.SZ 海峡创新 软件服务
300301.SZ *ST长方 半导体
300302.SZ 同有科技 软件服务
300303.SZ 聚飞光电 半导体
300304.SZ 云意电气 汽车配件
300305.SZ 裕兴股份 塑料
300306.SZ 远方信息 电器仪表
300307.SZ 慈星股份 纺织机械
300308.SZ 中际旭创 通信设备
300310.SZ 宜通世纪 通信设备
300311.SZ 任子行 软件服务
300313.SZ *ST天山 农业综合
300314.SZ 戴维医疗 医疗保健
300315.SZ 掌趣科技 互联网
300316.SZ 晶盛机电 专用机械
OK 0.7808601256900759 0.7262372407781252 0.32655896149792024 9.4217
300317.SZ 珈伟新能 电气设备
300318.SZ 博晖创新 医疗保健
300319.SZ 麦捷科技 元器件
300320.SZ 海达股份 橡胶
300321.SZ 同大股份 塑料
300322.SZ 硕贝德 元器件
300323.SZ 华灿光电 半导体
300324.SZ 旋极信息 软件服务
300326.SZ 凯利泰 医疗保健
300327.SZ 中颖电子 半导体
300328.SZ 宜安科技 小金属
300329.SZ 海伦钢琴 文教休闲
300331.SZ 苏大维格 元器件
300332.SZ 天壕能源 供气供热
300333.SZ 兆日科技 IT设备
300334.SZ 津膜科技 水务
300335.SZ 迪森股份 供气供热
300337.SZ 银邦股份 铝
300338.SZ *ST开元 文教休闲
300339.SZ 润和软件 软件服务
300340.SZ 科恒股份 电气设备
300341.SZ 麦克奥迪 电气设备
300342.SZ 天银机电 家用电器
300343.SZ 联创股份 化工原料
300344.SZ 立方数科 软件服务
300345.SZ 华民股份 机械基件
300346.SZ 南大光电 半导体
300347.SZ 泰格医药 医疗保健
300348.SZ 长亮科技 软件服务
300349.SZ 金卡智能 电器仪表
300350.SZ 华鹏飞 软件服务
300351.SZ 永贵电器 运输设备
300352.SZ 北信源 软件服务
300353.SZ 东土科技 通信设备
300354.SZ 东华测试 电器仪表
300355.SZ 蒙草生态 环境保护
300357.SZ 我武生物 生物制药
300358.SZ 楚天科技 医疗保健
300359.SZ 全通教育 文教休闲
300360.SZ 炬华科技 电器仪表
300363.SZ 博腾股份 化学制药
300364.SZ 中文在线 出版业
300365.SZ 恒华科技 软件服务
300366.SZ 创意信息 软件服务
300368.SZ 汇金股份 IT设备
300369.SZ 绿盟科技 软件服务
300370.SZ 安控科技 电器仪表
300371.SZ 汇中股份 电器仪表
300373.SZ 扬杰科技 半导体
300374.SZ 中铁装配 其他建材
300375.SZ 鹏翎股份 汽车配件
300376.SZ 易事特 电气设备
300377.SZ 赢时胜 软件服务
300378.SZ 鼎捷软件 软件服务
300379.SZ 东方通 软件服务
300380.SZ 安硕信息 软件服务
300381.SZ 溢多利 化学制药
300382.SZ 斯莱克 专用机械
300383.SZ 光环新网 软件服务
300384.SZ 三联虹普 建筑工程
300385.SZ 雪浪环境 环境保护
300386.SZ 飞天诚信 软件服务
300387.SZ 富邦股份 农药化肥
300388.SZ 节能国祯 环境保护
300389.SZ 艾比森 元器件
300390.SZ 天华新能 电气设备
300391.SZ 长药控股 中成药
300393.SZ 中来股份 塑料
300394.SZ 天孚通信 通信设备
300395.SZ 菲利华 玻璃
300396.SZ 迪瑞医疗 医疗保健
300397.SZ 天和防务 通信设备
300398.SZ 飞凯材料 化工原料
300399.SZ 天利科技 互联网
300400.SZ 劲拓股份 专用机械
300401.SZ 花园生物 化学制药
300402.SZ 宝色股份 专用机械
300403.SZ 汉宇集团 家用电器
300404.SZ 博济医药 医疗保健
300405.SZ 科隆股份 化工原料
300406.SZ 九强生物 医疗保健
300407.SZ 凯发电气 电气设备
300408.SZ 三环集团 元器件
300409.SZ 道氏技术 电气设备
300410.SZ 正业科技 电气设备
300411.SZ 金盾股份 专用机械
300412.SZ 迦南科技 医疗保健
300413.SZ 芒果超媒 影视音像
300414.SZ 中光防雷 通信设备
300415.SZ 伊之密 专用机械
300416.SZ 苏试试验 电器仪表
300417.SZ 南华仪器 电器仪表
300418.SZ 昆仑万维 互联网
300419.SZ 浩丰科技 软件服务
300420.SZ 五洋自控 机械基件
300421.SZ 力星股份 机械基件
300422.SZ 博世科 环境保护
300423.SZ 昇辉科技 电气设备
300424.SZ 航新科技 航空
300425.SZ 中建环能 环境保护
300426.SZ 唐德影视 影视音像
300427.SZ *ST红相 电气设备
300428.SZ 立中集团 汽车配件
300429.SZ 强力新材 化工原料
300430.SZ 诚益通 电器仪表
300432.SZ 富临精工 汽车配件
300433.SZ 蓝思科技 元器件
300434.SZ 金石亚药 化学制药
300435.SZ 中泰股份 供气供热
300436.SZ 广生堂 化学制药
300437.SZ 清水源 化工原料
300438.SZ 鹏辉能源 电气设备
300439.SZ 美康生物 医疗保健
300440.SZ 运达科技 软件服务
300441.SZ 鲍斯股份 机床制造
300442.SZ 润泽科技 软件服务
300443.SZ 金雷股份 电气设备
300444.SZ 双杰电气 电气设备
300445.SZ 康斯特 电器仪表
300446.SZ 航天智造 汽车配件
300447.SZ 全信股份 电气设备
300448.SZ 浩云科技 软件服务
300449.SZ 汉邦高科 IT设备
300450.SZ 先导智能 专用机械
300451.SZ 创业慧康 软件服务
300452.SZ 山河药辅 化学制药
300453.SZ 三鑫医疗 医疗保健
300454.SZ 深信服 软件服务
300455.SZ 航天智装 IT设备
300456.SZ 赛微电子 半导体
300457.SZ 赢合科技 专用机械
300458.SZ 全志科技 半导体
300459.SZ 汤姆猫 互联网
300460.SZ 惠伦晶体 元器件
300461.SZ 田中精机 专用机械
300462.SZ 华铭智能 IT设备
300463.SZ 迈克生物 医疗保健
300464.SZ 星徽股份 机械基件
300465.SZ 高伟达 软件服务
300466.SZ 赛摩智能 电器仪表
300467.SZ 迅游科技 互联网
300468.SZ 四方精创 软件服务
300469.SZ 信息发展 软件服务
300470.SZ 中密控股 机械基件
300471.SZ 厚普股份 专用机械
300472.SZ 新元科技 专用机械
300473.SZ 德尔股份 汽车配件
300474.SZ 景嘉微 元器件
300475.SZ 香农芯创 元器件
300476.SZ 胜宏科技 元器件
300477.SZ 合纵科技 电气设备
300478.SZ 杭州高新 塑料
300479.SZ 神思电子 软件服务
300480.SZ 光力科技 专用机械
300481.SZ 濮阳惠成 化工原料
300482.SZ 万孚生物 医疗保健
300483.SZ 首华燃气 石油开采
300484.SZ 蓝海华腾 电气设备
300485.SZ 赛升药业 生物制药
300486.SZ 东杰智能 专用机械
300487.SZ 蓝晓科技 化工原料
300488.SZ 恒锋工具 机械基件
300489.SZ 光智科技 元器件
300490.SZ 华自科技 电气设备
300491.SZ 通合科技 电气设备
300492.SZ 华图山鼎 建筑工程
300493.SZ 润欣科技 元器件
300494.SZ 盛天网络 互联网
300495.SZ *ST美尚 环境保护
300496.SZ 中科创达 软件服务
300497.SZ 富祥药业 化学制药
300498.SZ 温氏股份 农业综合
300499.SZ 高澜股份 专用机械
300500.SZ 启迪设计 建筑工程
300501.SZ 海顺新材 广告包装
300502.SZ 新易盛 通信设备
300503.SZ 昊志机电 机床制造
300504.SZ 天邑股份 通信设备
300505.SZ 川金诺 农药化肥
300506.SZ *ST名家 建筑工程
300507.SZ 苏奥传感 汽车配件
300508.SZ 维宏股份 软件服务
300509.SZ 新美星 专用机械
300510.SZ 金冠股份 电气设备
300511.SZ 雪榕生物 种植业
300512.SZ 中亚股份 专用机械
300513.SZ 恒实科技 软件服务
300514.SZ 友讯达 电器仪表
OK 0.7156488043598344 0.9399578069187273 0.37945172785303 15.3138
300515.SZ 三德科技 电器仪表
300516.SZ 久之洋 电器仪表
300517.SZ 海波重科 建筑工程
300518.SZ 新迅达 互联网
300519.SZ 新光药业 中成药
300520.SZ 科大国创 软件服务
300521.SZ 爱司凯 专用机械
300522.SZ 世名科技 染料涂料
300523.SZ 辰安科技 软件服务
300525.SZ 博思软件 软件服务
300527.SZ 中船应急 专用机械
300528.SZ 幸福蓝海 影视音像
300529.SZ 健帆生物 医疗保健
300530.SZ 领湃科技 电气设备
300531.SZ 优博讯 通信设备
300532.SZ 今天国际 软件服务
300533.SZ 冰川网络 互联网
300534.SZ 陇神戎发 中成药
300535.SZ 达威股份 化工原料
300536.SZ *ST农尚 建筑工程
300537.SZ 广信材料 染料涂料
300538.SZ 同益股份 塑料
300539.SZ 横河精密 塑料
300540.SZ 蜀道装备 专用机械
300541.SZ 先进数通 软件服务
300542.SZ 新晨科技 软件服务
300543.SZ 朗科智能 元器件
300545.SZ 联得装备 专用机械
300546.SZ 雄帝科技 IT设备
300547.SZ 川环科技 汽车配件
300548.SZ 博创科技 通信设备
300549.SZ 优德精密 专用机械
300550.SZ 和仁科技 软件服务
300551.SZ 古鳌科技 软件服务
300552.SZ 万集科技 IT设备
300553.SZ 集智股份 电器仪表
300554.SZ 三超新材 矿物制品
300555.SZ ST路通 通信设备
300556.SZ 丝路视觉 软件服务
300557.SZ 理工光科 电器仪表
300558.SZ 贝达药业 化学制药
300559.SZ 佳发教育 软件服务
300560.SZ 中富通 通信设备
300561.SZ 汇金科技 软件服务
300562.SZ 乐心医疗 医疗保健
300563.SZ 神宇股份 通信设备
300564.SZ 筑博设计 建筑工程
300565.SZ 科信技术 通信设备
300566.SZ 激智科技 元器件
300567.SZ 精测电子 电器仪表
300568.SZ 星源材质 化工原料
300569.SZ 天能重工 电气设备
300570.SZ 太辰光 通信设备
300571.SZ 平治信息 互联网
300572.SZ 安车检测 电器仪表
300573.SZ 兴齐眼药 化学制药
300575.SZ 中旗股份 农药化肥
300576.SZ 容大感光 染料涂料
300577.SZ 开润股份 纺织
300578.SZ 会畅通讯 通信设备
300579.SZ 数字认证 软件服务
300580.SZ 贝斯特 汽车配件
300581.SZ 晨曦航空 航空
300582.SZ 英飞特 元器件
300583.SZ 赛托生物 化学制药
300584.SZ 海辰药业 化学制药
300585.SZ 奥联电子 汽车配件
300586.SZ 美联新材 化工原料
300587.SZ 天铁股份 橡胶
300588.SZ 熙菱信息 软件服务
300589.SZ 江龙船艇 船舶
300590.SZ 移为通信 通信设备
300591.SZ 万里马 服饰
300592.SZ 华凯易佰 互联网
300593.SZ 新雷能 电气设备
300594.SZ 朗进科技 运输设备
300595.SZ 欧普康视 医疗保健
300596.SZ 利安隆 化工原料
300597.SZ 吉大通信 通信设备
300598.SZ 诚迈科技 软件服务
300599.SZ 雄塑科技 塑料
300600.SZ 国瑞科技 船舶
300601.SZ 康泰生物 生物制药
300602.SZ 飞荣达 元器件
300603.SZ 立昂技术 通信设备
300604.SZ 长川科技 半导体
300605.SZ 恒锋信息 软件服务
300606.SZ 金太阳 机械基件
300607.SZ 拓斯达 专用机械
300608.SZ 思特奇 软件服务
300609.SZ 汇纳科技 软件服务
300610.SZ 晨化股份 化工原料
300611.SZ 美力科技 汽车配件
300612.SZ 宣亚国际 广告包装
300613.SZ 富瀚微 半导体
300614.SZ 百川畅银 环境保护
300615.SZ 欣天科技 通信设备
300616.SZ 尚品宅配 家居用品
300617.SZ 安靠智电 电气设备
300618.SZ 寒锐钴业 小金属
300619.SZ 金银河 专用机械
300620.SZ 光库科技 通信设备
300621.SZ 维业股份 装修装饰
300622.SZ 博士眼镜 其他商业
300623.SZ 捷捷微电 半导体
300624.SZ 万兴科技 软件服务
300625.SZ 三雄极光 家用电器
OK 2.6130543218123594 1.1514893309619672 0.2119972033423097 17.3969
300626.SZ 华瑞股份 电气设备
300627.SZ 华测导航 通信设备
300628.SZ 亿联网络 通信设备
300629.SZ 新劲刚 元器件
300630.SZ 普利制药 化学制药
300631.SZ 久吾高科 水务
300632.SZ 光莆股份 半导体
300633.SZ 开立医疗 医疗保健
300634.SZ 彩讯股份 软件服务
300635.SZ 中达安 建筑工程
300636.SZ 同和药业 化学制药
300637.SZ 扬帆新材 化工原料
300638.SZ 广和通 通信设备
300639.SZ 凯普生物 医疗保健
300640.SZ 德艺文创 家居用品
300641.SZ 正丹股份 化工原料
300642.SZ 透景生命 医疗保健
300643.SZ 万通智控 汽车配件
300644.SZ 南京聚隆 塑料
300645.SZ 正元智慧 软件服务
300647.SZ 超频三 元器件
300648.SZ 星云股份 电气设备
300649.SZ 杭州园林 建筑工程
300650.SZ 太龙股份 元器件
300651.SZ 金陵体育 文教休闲
300652.SZ 雷迪克 汽车配件
300653.SZ 正海生物 医疗保健
300654.SZ 世纪天鸿 出版业
300655.SZ 晶瑞电材 半导体
300656.SZ 民德电子 IT设备
300657.SZ 弘信电子 元器件
300658.SZ 延江股份 纺织
300659.SZ 中孚信息 软件服务
300660.SZ 江苏雷利 电气设备
300661.SZ 圣邦股份 半导体
300662.SZ 科锐国际 文教休闲
300663.SZ 科蓝软件 软件服务
300664.SZ 鹏鹞环保 环境保护
300665.SZ 飞鹿股份 染料涂料
300666.SZ 江丰电子 半导体
300667.SZ 必创科技 电器仪表
300668.SZ 杰恩设计 装修装饰
300669.SZ 沪宁股份 运输设备
300670.SZ 大烨智能 电气设备
300671.SZ 富满微 半导体
300672.SZ 国科微 半导体
300673.SZ 佩蒂股份 饲料
300674.SZ 宇信科技 软件服务
300675.SZ 建科院 建筑工程
300676.SZ 华大基因 医疗保健
300677.SZ 英科医疗 医疗保健
300678.SZ 中科信息 软件服务
300679.SZ 电连技术 元器件
300680.SZ 隆盛科技 汽车配件
300681.SZ 英搏尔 汽车配件
300682.SZ 朗新集团 软件服务
300683.SZ 海特生物 生物制药
300684.SZ 中石科技 元器件
300685.SZ 艾德生物 医疗保健
300686.SZ 智动力 元器件
300687.SZ 赛意信息 软件服务
300688.SZ 创业黑马 文教休闲
300689.SZ 澄天伟业 通信设备
300690.SZ 双一科技 电气设备
300691.SZ 联合光电 元器件
300692.SZ 中环环保 环境保护
300693.SZ 盛弘股份 电气设备
300694.SZ 蠡湖股份 汽车配件
300695.SZ 兆丰股份 汽车配件
300696.SZ 爱乐达 航空
300697.SZ 电工合金 铜
300698.SZ 万马科技 通信设备
300699.SZ 光威复材 化纤
300700.SZ 岱勒新材 矿物制品
300701.SZ 森霸传感 元器件
300702.SZ 天宇股份 化学制药
300703.SZ 创源股份 文教休闲
300705.SZ 九典制药 化学制药
300706.SZ 阿石创 元器件
300707.SZ 威唐工业 专用机械
300708.SZ 聚灿光电 半导体
300709.SZ 精研科技 元器件
300710.SZ 万隆光电 通信设备
300711.SZ 广哈通信 通信设备
300712.SZ 永福股份 建筑工程
300713.SZ 英可瑞 电气设备
300715.SZ 凯伦股份 其他建材
300716.SZ 泉为科技 塑料
300717.SZ 华信新材 塑料
300718.SZ 长盛轴承 机械基件
300719.SZ 安达维尔 航空
300720.SZ 海川智能 电器仪表
300721.SZ 怡达股份 化工原料
300722.SZ 新余国科 航空
300723.SZ 一品红 化学制药
300724.SZ 捷佳伟创 专用机械
OK 0.4662085913399655 0.5663449084322448 0.7244136251238918 14.5979
300725.SZ 药石科技 化学制药
300726.SZ 宏达电子 元器件
300727.SZ 润禾材料 化工原料
300729.SZ 乐歌股份 家居用品
300730.SZ 科创信息 软件服务
300731.SZ 科创新源 橡胶
300732.SZ 设研院 建筑工程
300733.SZ 西菱动力 汽车配件
300735.SZ 光弘科技 元器件
300736.SZ 百邦科技 通信设备
300737.SZ 科顺股份 其他建材
300738.SZ 奥飞数据 软件服务
300739.SZ 明阳电路 元器件
300740.SZ 水羊股份 日用化工
300741.SZ 华宝股份 食品
300742.SZ *ST越博 汽车配件
300743.SZ 天地数码 IT设备
300745.SZ 欣锐科技 汽车配件
300746.SZ 汉嘉设计 建筑工程
300747.SZ 锐科激光 专用机械
300748.SZ 金力永磁 矿物制品
300749.SZ 顶固集创 家居用品
300750.SZ 宁德时代 电气设备
300751.SZ 迈为股份 专用机械
300752.SZ 隆利科技 元器件
300753.SZ 爱朋医疗 医疗保健
300755.SZ 华致酒行 其他商业
300756.SZ 金马游乐 旅游服务
300757.SZ 罗博特科 专用机械
300758.SZ 七彩化学 染料涂料
300759.SZ 康龙化成 化学制药
300760.SZ 迈瑞医疗 医疗保健
300761.SZ 立华股份 农业综合
300762.SZ 上海瀚讯 通信设备
300763.SZ 锦浪科技 电气设备
300765.SZ 新诺威 食品
300766.SZ 每日互动 互联网
300767.SZ 震安科技 橡胶
300768.SZ 迪普科技 软件服务
300769.SZ 德方纳米 化工原料
300770.SZ 新媒股份 影视音像
300771.SZ 智莱科技 IT设备
300772.SZ 运达股份 电气设备
300773.SZ 拉卡拉 软件服务
300774.SZ 倍杰特 环境保护
300775.SZ 三角防务 航空
300776.SZ 帝尔激光 专用机械
300777.SZ 中简科技 化纤
300778.SZ 新城市 建筑工程
300779.SZ 惠城环保 环境保护
300780.SZ 德恩精工 机械基件
300781.SZ 因赛集团 广告包装
300782.SZ 卓胜微 半导体
300783.SZ 三只松鼠 食品
300785.SZ 值得买 互联网
300786.SZ 国林科技 环境保护
300787.SZ 海能实业 元器件
300788.SZ 中信出版 出版业
300789.SZ 唐源电气 软件服务
OK 0.3695423742435496 0.22508835638140456 0.3598006292753171 18.1064
300790.SZ 宇瞳光学 元器件
300791.SZ 仙乐健康 医疗保健
300792.SZ 壹网壹创 互联网
300793.SZ 佳禾智能 IT设备
300795.SZ 米奥会展 文教休闲
300796.SZ 贝斯美 农药化肥
300797.SZ 钢研纳克 电器仪表
300798.SZ 锦鸡股份 染料涂料
300799.SZ *ST左江 软件服务
300800.SZ 力合科技 环境保护
300801.SZ 泰和科技 化工原料
300802.SZ 矩子科技 专用机械
300803.SZ 指南针 软件服务
300804.SZ 广康生化 农药化肥
300805.SZ 电声股份 广告包装
300806.SZ 斯迪克 塑料
300807.SZ 天迈科技 软件服务
300808.SZ 久量股份 家用电器
300809.SZ 华辰装备 机床制造
300810.SZ 中科海讯 船舶
300811.SZ 铂科新材 矿物制品
300812.SZ 易天股份 专用机械
300813.SZ 泰林生物 医疗保健
300814.SZ 中富电路 元器件
300815.SZ 玉禾田 环境保护
300816.SZ 艾可蓝 环境保护
300817.SZ 双飞集团 机械基件
300818.SZ 耐普矿机 专用机械
300819.SZ 聚杰微纤 纺织
300820.SZ 英杰电气 电气设备
300821.SZ 东岳硅材 化工原料
300822.SZ 贝仕达克 元器件
300823.SZ 建科机械 专用机械
300824.SZ 北鼎股份 家用电器
300825.SZ 阿尔特 汽车服务
300826.SZ 测绘股份 建筑工程
300827.SZ 上能电气 电气设备
300828.SZ 锐新科技 机械基件
300829.SZ 金丹科技 食品
300830.SZ 金现代 软件服务
300831.SZ 派瑞股份 半导体
300832.SZ 新产业 医疗保健
300833.SZ 浩洋股份 专用机械
300834.SZ 星辉环材 化工原料
300835.SZ 龙磁科技 矿物制品
300836.SZ 佰奥智能 专用机械
300837.SZ 浙矿股份 专用机械
300838.SZ 浙江力诺 机械基件
300839.SZ 博汇股份 石油加工
300840.SZ 酷特智能 服饰
300841.SZ 康华生物 生物制药
300842.SZ 帝科股份 电气设备
300843.SZ 胜蓝股份 元器件
300844.SZ 山水比德 建筑工程
300845.SZ 捷安高科 软件服务
300846.SZ 首都在线 软件服务
300847.SZ 中船汉光 化工原料
300848.SZ 美瑞新材 化工原料
300849.SZ 锦盛新材 塑料
300850.SZ 新强联 机械基件
300851.SZ 交大思诺 运输设备
300852.SZ 四会富仕 元器件
300853.SZ 申昊科技 专用机械
300854.SZ 中兰环保 环境保护
300855.SZ 图南股份 小金属
300856.SZ 科思股份 日用化工
OK 1.9213142523471847 0.8899894280717079 0.3704982988686774 19.8058
300857.SZ 协创数据 IT设备
300858.SZ 科拓生物 食品
300859.SZ *ST西域 旅游服务
300860.SZ 锋尚文化 文教休闲
300861.SZ 美畅股份 矿物制品
300862.SZ 蓝盾光电 电器仪表
300863.SZ 卡倍亿 汽车配件
300864.SZ 南大环境 环境保护
300865.SZ 大宏立 专用机械
300866.SZ 安克创新 元器件
300867.SZ 圣元环保 环境保护
300868.SZ 杰美特 元器件
300869.SZ 康泰医学 医疗保健
300870.SZ 欧陆通 电气设备
300871.SZ 回盛生物 农业综合
300872.SZ 天阳科技 软件服务
300873.SZ 海晨股份 仓储物流
300875.SZ 捷强装备 专用机械
300876.SZ 蒙泰高新 化纤
300877.SZ 金春股份 纺织
300878.SZ 维康药业 中成药
300879.SZ 大叶股份 农用机械
300880.SZ 迦南智能 电器仪表
300881.SZ 盛德鑫泰 钢加工
300882.SZ 万胜智能 电器仪表
OK 1.0741334193305454 0.8499002449209134 0.16881829718268535 19.2426
300883.SZ 龙利得 造纸
300884.SZ 狄耐克 IT设备
300885.SZ 海昌新材 机械基件
300886.SZ 华业香料 化工原料
300887.SZ 谱尼测试 电器仪表
300888.SZ 稳健医疗 医疗保健
300889.SZ 爱克股份 电气设备
300890.SZ 翔丰华 电气设备
300891.SZ 惠云钛业 化工原料
300892.SZ 品渥食品 乳制品
300893.SZ 松原股份 汽车配件
300894.SZ 火星人 家用电器
300895.SZ 铜牛信息 软件服务
300896.SZ 爱美客 医疗保健
300897.SZ 山科智能 电器仪表
300898.SZ 熊猫乳品 乳制品
300899.SZ 上海凯鑫 环境保护
300900.SZ 广联航空 航空
300901.SZ 中胤时尚 服饰
300902.SZ 国安达 专用机械
300903.SZ 科翔股份 元器件
300904.SZ 威力传动 电气设备
300905.SZ 宝丽迪 染料涂料
300906.SZ 日月明 电器仪表
300907.SZ 康平科技 电气设备
300908.SZ 仲景食品 食品
300909.SZ 汇创达 元器件
300910.SZ 瑞丰新材 化工原料
300911.SZ 亿田智能 家用电器
300912.SZ 凯龙高科 环境保护
300913.SZ 兆龙互连 通信设备
300915.SZ 海融科技 乳制品
300916.SZ 朗特智能 元器件
300917.SZ 特发服务 房产服务
300918.SZ 南山智尚 纺织
300919.SZ 中伟股份 电气设备
OK 0.6354153441853806 0.3683318519959491 0.42993648342443835 18.2995
300920.SZ 润阳科技 塑料
300921.SZ 南凌科技 互联网
300922.SZ 天秦装备 专用机械
300923.SZ 研奥股份 运输设备
300925.SZ 法本信息 软件服务
300926.SZ 博俊科技 汽车配件
300927.SZ 江天化学 化工原料
300928.SZ 华安鑫创 汽车配件
300929.SZ 华骐环保 环境保护
300930.SZ 屹通新材 小金属
300931.SZ 通用电梯 运输设备
300932.SZ 三友联众 电气设备
300933.SZ 中辰股份 电气设备
300935.SZ 盈建科 软件服务
300936.SZ 中英科技 元器件
300937.SZ 药易购 医药商业
300938.SZ 信测标准 电器仪表
300939.SZ 秋田微 元器件
300940.SZ 南极光 元器件
300941.SZ 创识科技 IT设备
300942.SZ 易瑞生物 医疗保健
300943.SZ 春晖智控 机械基件
300945.SZ 曼卡龙 服饰
300946.SZ 恒而达 机械基件
300947.SZ 德必集团 房产服务
300948.SZ 冠中生态 环境保护
300949.SZ 奥雅股份 建筑工程
300950.SZ 德固特 专用机械
300951.SZ 博硕科技 元器件
300952.SZ 恒辉安防 纺织
300953.SZ 震裕科技 电气设备
300955.SZ 嘉亨家化 日用化工
300956.SZ 英力股份 元器件
300957.SZ 贝泰妮 日用化工
300958.SZ 建工修复 环境保护
300959.SZ 线上线下 电信运营
300960.SZ 通业科技 运输设备
300961.SZ 深水海纳 环境保护
300962.SZ 中金辐照 医疗保健
300963.SZ 中洲特材 小金属
300964.SZ 本川智能 元器件
300965.SZ *ST恒宇 航空
300966.SZ 共同药业 化学制药
300967.SZ 晓鸣股份 农业综合
300968.SZ 格林精密 元器件
300969.SZ 恒帅股份 汽车配件
300970.SZ 华绿生物 种植业
300971.SZ 博亚精工 机械基件
300972.SZ 万辰集团 种植业
300973.SZ 立高食品 食品
300975.SZ 商络电子 元器件
300976.SZ 达瑞电子 元器件
300977.SZ 深圳瑞捷 建筑工程
300978.SZ 东箭科技 汽车配件
300979.SZ 华利集团 服饰
300980.SZ 祥源新材 塑料
300981.SZ 中红医疗 医疗保健
300982.SZ 苏文电能 建筑工程
300983.SZ 尤安设计 建筑工程
300984.SZ 金沃股份 机械基件
300985.SZ 致远新能 汽车配件
300986.SZ 志特新材 其他建材
300987.SZ 川网传媒 互联网
300988.SZ 津荣天宇 机械基件
300989.SZ 蕾奥规划 建筑工程
300990.SZ 同飞股份 专用机械
300991.SZ 创益通 元器件
300992.SZ 泰福泵业 机械基件
300993.SZ 玉马遮阳 家居用品
300994.SZ 久祺股份 文教休闲
300995.SZ 奇德新材 塑料
300996.SZ 普联软件 软件服务
300997.SZ 欢乐家 软饮料
300998.SZ 宁波方正 专用机械
300999.SZ 金龙鱼 食品
301000.SZ 肇民科技 汽车配件
301001.SZ 凯淳股份 互联网
301002.SZ 崧盛股份 电气设备
301003.SZ 江苏博云 塑料
301004.SZ 嘉益股份 家居用品
OK 2.32585045682568 0.7408038882324695 1.0222163644858009 18.7231
301005.SZ 超捷股份 汽车配件
301006.SZ 迈拓股份 电器仪表
301007.SZ 德迈仕 汽车配件
301008.SZ 宏昌科技 家用电器
301009.SZ 可靠股份 造纸
301010.SZ 晶雪节能 其他建材
301011.SZ 华立科技 专用机械
301012.SZ 扬电科技 电气设备
301013.SZ 利和兴 专用机械
301015.SZ 百洋医药 医药商业
301016.SZ 雷尔伟 运输设备
301017.SZ 漱玉平民 医药商业
301018.SZ 申菱环境 专用机械
301019.SZ 宁波色母 塑料
301020.SZ 密封科技 机械基件
301021.SZ 英诺激光 专用机械
301022.SZ 海泰科 专用机械
301023.SZ 江南奕帆 电气设备
301024.SZ 霍普股份 建筑工程
301025.SZ 读客文化 出版业
301026.SZ 浩通科技 小金属
301027.SZ 华蓝集团 建筑工程
301028.SZ 东亚机械 专用机械
301029.SZ 怡合达 专用机械
301030.SZ 仕净科技 环境保护
301031.SZ 中熔电气 电气设备
301032.SZ 新柴股份 工程机械
301033.SZ 迈普医学 医疗保健
301035.SZ 润丰股份 农药化肥
301036.SZ 双乐股份 染料涂料
301037.SZ 保立佳 染料涂料
301038.SZ 深水规院 建筑工程
301039.SZ 中集车辆 汽车整车
301040.SZ 中环海陆 机械基件
301041.SZ 金百泽 元器件
301042.SZ 安联锐视 IT设备
301043.SZ 绿岛风 机械基件
301045.SZ 天禄科技 元器件
301046.SZ 能辉科技 新型电力
301047.SZ 义翘神州 生物制药
301048.SZ 金鹰重工 运输设备
301049.SZ 超越科技 环境保护
301050.SZ 雷电微力 航空
301051.SZ 信濠光电 元器件
301052.SZ 果麦文化 出版业
301053.SZ 远信工业 专用机械
301055.SZ 张小泉 家居用品
301056.SZ 森赫股份 运输设备
301057.SZ 汇隆新材 化纤
301058.SZ 中粮科工 建筑工程
301059.SZ 金三江 化工原料
301060.SZ 兰卫医学 医疗保健
301061.SZ 匠心家居 家居用品
301062.SZ 上海艾录 广告包装
301063.SZ 海锅股份 电气设备
301065.SZ 本立科技 化工原料
301066.SZ 万事利 纺织
301067.SZ 显盈科技 元器件
301068.SZ 大地海洋 环境保护
301069.SZ 凯盛新材 化工原料
301070.SZ 开勒股份 机械基件
301071.SZ 力量钻石 矿物制品
301072.SZ 中捷精工 汽车配件
301073.SZ 君亭酒店 酒店餐饮
301075.SZ 多瑞医药 化学制药
301076.SZ 新瀚新材 化工原料
301077.SZ 星华新材 化工原料
301078.SZ 孩子王 其他商业
301079.SZ 邵阳液压 机械基件
301080.SZ 百普赛斯 生物制药
301081.SZ 严牌股份 环境保护
301082.SZ 久盛电气 电气设备
301083.SZ 百胜智能 专用机械
301085.SZ 亚康股份 软件服务
301086.SZ 鸿富瀚 元器件
301087.SZ 可孚医疗 医疗保健
301088.SZ 戎美股份 服饰
301089.SZ 拓新药业 化学制药
301090.SZ 华润材料 化工原料
301091.SZ 深城交 建筑工程
301092.SZ 争光股份 化工原料
301093.SZ 华兰股份 医疗保健
301095.SZ 广立微 半导体
301096.SZ 百诚医药 医疗保健
301097.SZ 天益医疗 医疗保健
301098.SZ 金埔园林 建筑工程
301099.SZ 雅创电子 元器件
301100.SZ 风光股份 化工原料
301101.SZ 明月镜片 文教休闲
301102.SZ 兆讯传媒 广告包装
301103.SZ 何氏眼科 医疗保健
301105.SZ 鸿铭股份 专用机械
301106.SZ 骏成科技 元器件
301107.SZ 瑜欣电子 机械基件
301108.SZ 洁雅股份 日用化工
301109.SZ 军信股份 环境保护
301110.SZ 青木股份 互联网
301111.SZ 粤万年青 中成药
301112.SZ 信邦智能 专用机械
301113.SZ 雅艺科技 家居用品
301115.SZ 建科股份 建筑工程
301116.SZ 益客食品 食品
301117.SZ 佳缘科技 软件服务
301118.SZ 恒光股份 化工原料
301119.SZ 正强股份 汽车配件
301120.SZ 新特电气 电气设备
301121.SZ 紫建电子 电气设备
301122.SZ 采纳股份 医疗保健
301123.SZ 奕东电子 元器件
301125.SZ 腾亚精工 机械基件
301126.SZ 达嘉维康 医药商业
301127.SZ 天源环保 环境保护
301128.SZ 强瑞技术 专用机械
301129.SZ 瑞纳智能 电器仪表
301130.SZ 西点药业 化学制药
301131.SZ 聚赛龙 塑料
301132.SZ 满坤科技 元器件
301133.SZ 金钟股份 汽车配件
301135.SZ 瑞德智能 元器件
301136.SZ 招标股份 建筑工程
301137.SZ 哈焊华通 机械基件
301138.SZ 华研精机 专用机械
301139.SZ 元道通信 通信设备
301141.SZ 中科磁业 矿物制品
301148.SZ 嘉戎技术 环境保护
301149.SZ 隆华新材 化工原料
301150.SZ 中一科技 电气设备
301151.SZ 冠龙节能 机械基件
301152.SZ 天力锂能 小金属
301153.SZ 中科江南 软件服务
301155.SZ 海力风电 电气设备
301156.SZ 美农生物 饲料
301157.SZ 华塑科技 电气设备
301158.SZ 德石股份 专用机械
301159.SZ 三维天地 软件服务
301160.SZ 翔楼新材 机械基件
OK 0.1702691426926881 0.42199166572675334 0.26955527843677124 17.307
301161.SZ 唯万密封 工程机械
301162.SZ 国能日新 软件服务
301163.SZ 宏德股份 机械基件
301165.SZ 锐捷网络 通信设备
301166.SZ 优宁维 医药商业
301167.SZ 建研设计 建筑工程
301168.SZ 通灵股份 电气设备
301169.SZ 零点有数 文教休闲
301170.SZ 锡南科技 汽车配件
301171.SZ 易点天下 互联网
301172.SZ 君逸数码 软件服务
301175.SZ 中科环保 环境保护
301176.SZ 逸豪新材 元器件
301177.SZ 迪阿股份 服饰
301178.SZ 天亿马 软件服务
301179.SZ 泽宇智能 软件服务
301180.SZ 万祥科技 元器件
301181.SZ 标榜股份 汽车配件
301182.SZ 凯旺科技 元器件
301183.SZ 东田微 元器件
301185.SZ 鸥玛软件 软件服务
301186.SZ 超达装备 专用机械
301187.SZ 欧圣电气 家用电器
301188.SZ 力诺特玻 玻璃
301189.SZ 奥尼电子 IT设备
301190.SZ 善水科技 染料涂料
301191.SZ 菲菱科思 通信设备
301192.SZ 泰祥股份 汽车配件
301193.SZ 家联科技 家居用品
301195.SZ 北路智控 软件服务
301196.SZ 唯科科技 专用机械
301197.SZ 工大科雅 软件服务
301198.SZ 喜悦智行 塑料
301199.SZ 迈赫股份 专用机械
301200.SZ 大族数控 专用机械
301201.SZ 诚达药业 生物制药
301202.SZ 朗威股份 机械基件
301203.SZ 国泰环保 环境保护
301205.SZ 联特科技 通信设备
301206.SZ 三元生物 食品
301207.SZ 华兰疫苗 生物制药
301208.SZ 中亦科技 软件服务
301209.SZ 联合化学 染料涂料
301210.SZ 金杨股份 电气设备
301211.SZ 亨迪药业 化学制药
301212.SZ 联盛化学 化工原料
301213.SZ 观想科技 软件服务
301215.SZ 中汽股份 汽车服务
301216.SZ 万凯新材 化工原料
301217.SZ 铜冠铜箔 元器件
301218.SZ 华是科技 软件服务
301219.SZ 腾远钴业 小金属
301220.SZ 亚香股份 化工原料
301221.SZ 光庭信息 软件服务
301222.SZ 浙江恒威 电气设备
301223.SZ 中荣股份 广告包装
301225.SZ 恒勃股份 汽车配件
301226.SZ 祥明智能 电气设备
301227.SZ 森鹰窗业 家居用品
301228.SZ 实朴检测 电器仪表
301229.SZ 纽泰格 汽车配件
301230.SZ 泓博医药 生物制药
301231.SZ 荣信文化 出版业
301232.SZ 飞沃科技 机械基件
301233.SZ 盛帮股份 汽车配件
301234.SZ 五洲医疗 医疗保健
301235.SZ 华康医疗 医疗保健
301236.SZ 软通动力 软件服务
301237.SZ 和顺科技 塑料
301238.SZ 瑞泰新材 化工原料
301239.SZ 普瑞眼科 医疗保健
301246.SZ 宏源药业 化学制药
301248.SZ 杰创智能 软件服务
301251.SZ 威尔高 元器件
301252.SZ 同星科技 机械基件
301255.SZ 通力科技 机械基件
301256.SZ 华融化学 化工原料
301257.SZ 普蕊斯 医疗保健
301258.SZ 富士莱 化学制药
301259.SZ 艾布鲁 环境保护
301260.SZ 格力博 专用机械
301261.SZ 恒工精密 机械基件
301262.SZ 海看股份 影视音像
301263.SZ 泰恩康 医药商业
301265.SZ 华新环保 环境保护
301266.SZ 宇邦新材 电气设备
301267.SZ 华厦眼科 医疗保健
301268.SZ 铭利达 机械基件
301269.SZ 华大九天 半导体
301270.SZ 汉仪股份 软件服务
301272.SZ 英华特 专用机械
301273.SZ 瑞晨环保 机械基件
301276.SZ 嘉曼服饰 服饰
301277.SZ 新天地 化学制药
301278.SZ 快可电子 电气设备
301279.SZ 金道科技 机械基件
301280.SZ 珠城科技 元器件
301281.SZ 科源制药 化学制药
301282.SZ 金禄电子 元器件
301283.SZ 聚胶股份 日用化工
301285.SZ 鸿日达 元器件
301286.SZ 侨源股份 化工原料
301287.SZ 康力源 文教休闲
301288.SZ 清研环境 环境保护
301289.SZ 国缆检测 电器仪表
301290.SZ 东星医疗 医疗保健
301291.SZ 明阳电气 电气设备
301292.SZ 海科新源 化工原料
301293.SZ 三博脑科 医疗保健
301295.SZ 美硕科技 电气设备
301296.SZ 新巨丰 广告包装
301297.SZ 富乐德 半导体
301298.SZ 东利机械 汽车配件
301299.SZ 卓创资讯 互联网
301300.SZ 远翔新材 化工原料
301301.SZ 川宁生物 化学制药
301302.SZ 华如科技 软件服务
301303.SZ 真兰仪表 电器仪表
301305.SZ 朗坤环境 环境保护
301306.SZ 西测测试 综合类
301307.SZ 美利信 通信设备
301308.SZ 江波龙 半导体
301309.SZ 万得凯 机械基件
301310.SZ 鑫宏业 汽车配件
301311.SZ 昆船智能 机械基件
301312.SZ 智立方 专用机械
301313.SZ 凡拓数创 文教休闲
301314.SZ 科瑞思 元器件
301315.SZ 威士顿 软件服务
301316.SZ 慧博云通 软件服务
301317.SZ 鑫磊股份 机械基件
301318.SZ 维海德 IT设备
301319.SZ 唯特偶 元器件
301320.SZ 豪江智能 电气设备
301321.SZ 翰博高新 元器件
301322.SZ 绿通科技 摩托车
301323.SZ 新莱福 橡胶
301325.SZ 曼恩斯特 专用机械
301326.SZ 捷邦科技 元器件
301327.SZ 华宝新能 电气设备
301328.SZ 维峰电子 专用机械
301329.SZ 信音电子 元器件
301330.SZ 熵基科技 IT设备
301331.SZ 恩威医药 中成药
301332.SZ 德尔玛 家用电器
301333.SZ 诺思格 医疗保健
301335.SZ 天元宠物 文教休闲
301336.SZ 趣睡科技 家居用品
301337.SZ 亚华电子 软件服务
301338.SZ 凯格精机 专用机械
301339.SZ 通行宝 软件服务
301345.SZ 涛涛车业 摩托车
301348.SZ 蓝箭电子 半导体
301349.SZ 信德新材 化工原料
301353.SZ 普莱得 专用机械
301355.SZ 南王科技 广告包装
301356.SZ 天振股份 家居用品
301357.SZ 北方长龙 专用机械
301358.SZ 湖南裕能 电气设备
301359.SZ 东南电子 电气设备
301360.SZ 荣旗科技 专用机械
301361.SZ 众智科技 电气设备
301362.SZ 民爆光电 电气设备
301363.SZ 美好医疗 医疗保健
301365.SZ 矩阵股份 装修装饰
301366.SZ 一博科技 元器件
301367.SZ 怡和嘉业 医疗保健
301368.SZ 丰立智能 机械基件
301369.SZ 联动科技 半导体
301370.SZ 国科恒泰 医药商业
301371.SZ 敷尔佳 日用化工
301372.SZ 科净源 环境保护
301373.SZ 凌玮科技 化工原料
301376.SZ 致欧科技 家居用品
301377.SZ 鼎泰高科 机械基件
301378.SZ 通达海 软件服务
301379.SZ 天山电子 元器件
301380.SZ 挖金客 软件服务
301381.SZ 赛维时代 互联网
301382.SZ 蜂助手 互联网
301383.SZ 天键股份 元器件
301386.SZ 未来电器 电气设备
301387.SZ 光大同创 元器件
301388.SZ 欣灵电气 电气设备
301389.SZ 隆扬电子 元器件
301390.SZ 经纬股份 建筑工程
301391.SZ 卡莱特 IT设备
301393.SZ 昊帆生物 化工原料
301395.SZ 仁信新材 化工原料
301396.SZ 宏景科技 软件服务
301397.SZ 溯联股份 汽车配件
301398.SZ 星源卓镁 汽车配件
301399.SZ 英特科技 机械基件
301408.SZ 华人健康 医药商业
301413.SZ 安培龙 电器仪表
301418.SZ 协昌科技 电气设备
301419.SZ 阿莱德 元器件
301421.SZ 波长光电 元器件
301428.SZ 世纪恒通 互联网
301429.SZ 森泰股份 其他建材
301439.SZ 泓淋电力 电气设备
301446.SZ 福事特 机械基件
301448.SZ 开创电气 机械基件
301456.SZ 盘古智能 电气设备
301459.SZ 丰茂股份 汽车配件
301468.SZ 博盈特焊 专用机械
301469.SZ 恒达新材 造纸
301486.SZ 致尚科技 元器件
301487.SZ 盟固利 化工原料
301488.SZ 豪恩汽电 汽车配件
301489.SZ 思泉新材 元器件
301498.SZ 乖宝宠物 饲料
301499.SZ 维科精密 汽车配件
301500.SZ 飞南资源 环境保护
301502.SZ 华阳智能 电气设备
301503.SZ 智迪科技 IT设备
301505.SZ 苏州规划 建筑工程
301507.SZ 民生健康 化学制药
301508.SZ 中机认检 电器仪表
301509.SZ 金凯生科 化学制药
301510.SZ 固高科技 电器仪表
301511.SZ 德福科技 电气设备
301512.SZ 智信精密 专用机械
301515.SZ 港通医疗 医疗保健
301516.SZ 中远通 电气设备
301517.SZ 陕西华达 元器件
301518.SZ 长华化学 化工原料
301519.SZ 舜禹股份 水务
301520.SZ 万邦医药 生物制药
301525.SZ 儒竞科技 家用电器
301526.SZ 国际复材 玻璃
301528.SZ 多浦乐 电器仪表
301529.SZ 福赛科技 汽车配件
301533.SZ 威马农机 农用机械
301536.SZ 星宸科技 半导体
301538.SZ 骏鼎达 塑料
301539.SZ 宏鑫科技 汽车配件
301548.SZ 崇德科技 机械基件
301550.SZ 斯菱股份 汽车配件
301555.SZ 惠柏新材 化工原料
301558.SZ 三态股份 互联网
301559.SZ 中集环科 专用机械
301566.SZ 达利凯普 元器件
301567.SZ 贝隆精密 元器件
301568.SZ 思泰克 专用机械
301577.SZ 美信科技 元器件
301578.SZ 辰奕智能 IT设备
301587.SZ 中瑞股份 电气设备
301588.SZ 美新科技 家居用品
301589.SZ 诺瓦星云 IT设备
301591.SZ 肯特股份 塑料
301596.SZ N瑞迪 机械基件
430017.BJ 星昊医药 化学制药
OK 0.16356118499037034 0.10454568494743491 0.1879932857292172 15.7446
430047.BJ 诺思兰德 生物制药
430090.BJ 同辉信息 软件服务
430139.BJ 华岭股份 半导体
430198.BJ 微创光电 IT设备
430300.BJ 辰光医疗 医疗保健
430418.BJ 苏轴股份 汽车配件
OK 0.32485225392113315 0.4834308297815469 0.5138830558781472 17.0965
430425.BJ 乐创技术 专用机械
430476.BJ 海能技术 电器仪表
430478.BJ 峆一药业 化学制药
430489.BJ 佳先股份 化工原料
430510.BJ 丰光精密 机械基件
430556.BJ 雅达股份 电器仪表
430564.BJ 天润科技 软件服务
430685.BJ 新芝生物 电器仪表
430718.BJ 合肥高科 家用电器
600000.SH 浦发银行 银行
600004.SH 白云机场 机场
600006.SH 东风汽车 汽车整车
600007.SH 中国国贸 园区开发
600008.SH 首创环保 环境保护
600009.SH 上海机场 机场
600010.SH 包钢股份 普钢
600011.SH 华能国际 火力发电
600012.SH 皖通高速 路桥
600015.SH 华夏银行 银行
600016.SH 民生银行 银行
600017.SH 日照港 港口
600018.SH 上港集团 港口
600019.SH 宝钢股份 普钢
600020.SH 中原高速 路桥
600021.SH 上海电力 火力发电
600022.SH 山东钢铁 普钢
600023.SH 浙能电力 火力发电
600025.SH 华能水电 水力发电
600026.SH 中远海能 水运
600027.SH 华电国际 火力发电
600028.SH 中国石化 石油加工
600029.SH 南方航空 空运
600030.SH 中信证券 证券
600031.SH 三一重工 工程机械
600032.SH 浙江新能 新型电力
600033.SH 福建高速 路桥
600035.SH 楚天高速 路桥
600036.SH 招商银行 银行
600037.SH 歌华有线 影视音像
600038.SH 中直股份 航空
600039.SH 四川路桥 建筑工程
600048.SH 保利发展 全国地产
600050.SH 中国联通 电信运营
600051.SH 宁波联合 综合类
600052.SH 东望时代 供气供热
600053.SH 九鼎投资 多元金融
600054.SH 黄山旅游 旅游景点
600055.SH 万东医疗 医疗保健
600056.SH 中国医药 医药商业
600057.SH 厦门象屿 仓储物流
600058.SH 五矿发展 商贸代理
600059.SH 古越龙山 红黄酒
600060.SH 海信视像 家用电器
600061.SH 国投资本 证券
600062.SH 华润双鹤 化学制药
600063.SH 皖维高新 化纤
600064.SH 南京高科 园区开发
600066.SH 宇通客车 汽车整车
600067.SH 冠城大通 区域地产
600070.SH *ST富润 互联网
600071.SH 凤凰光学 元器件
600072.SH 中船科技 船舶
600073.SH 上海梅林 食品
600075.SH 新疆天业 化工原料
600076.SH 康欣新材 广告包装
600078.SH ST澄星 化工原料
600079.SH 人福医药 化学制药
600080.SH 金花股份 中成药
600081.SH 东风科技 汽车配件
600082.SH 海泰发展 园区开发
600083.SH *ST博信 综合类
600084.SH 中信尼雅 红黄酒
600085.SH 同仁堂 中成药
600088.SH 中视传媒 影视音像
600089.SH 特变电工 电气设备
600094.SH 大名城 区域地产
600095.SH 湘财股份 证券
600096.SH 云天化 农药化肥
600097.SH 开创国际 渔业
600098.SH 广州发展 火力发电
600099.SH 林海股份 汽车整车
600100.SH 同方股份 IT设备
600101.SH 明星电力 水力发电
600103.SH 青山纸业 造纸
600104.SH 上汽集团 汽车整车
600105.SH 永鼎股份 通信设备
600106.SH 重庆路桥 路桥
600107.SH 美尔雅 服饰
600108.SH 亚盛集团 种植业
600109.SH 国金证券 证券
600110.SH 诺德股份 电气设备
600111.SH 北方稀土 小金属
600112.SH *ST天成 电气设备
600113.SH 浙江东日 区域地产
600114.SH 东睦股份 机械基件
600115.SH 中国东航 空运
600116.SH 三峡水利 水力发电
600117.SH ST西钢 特种钢
600118.SH 中国卫星 航空
600119.SH 长江投资 仓储物流
600120.SH 浙江东方 多元金融
600121.SH 郑州煤电 煤炭开采
600123.SH 兰花科创 煤炭开采
600125.SH 铁龙物流 铁路
600126.SH 杭钢股份 普钢
600127.SH 金健米业 农业综合
600128.SH 苏豪弘业 商贸代理
600129.SH 太极集团 中成药
600130.SH 波导股份 元器件
600131.SH 国网信通 通信设备
600132.SH 重庆啤酒 啤酒
600133.SH 东湖高新 建筑工程
600135.SH 乐凯胶片 化工原料
600136.SH *ST明诚 影视音像
600137.SH 浪莎股份 服饰
600138.SH 中青旅 旅游服务
600141.SH 兴发集团 农药化肥
600143.SH 金发科技 塑料
600148.SH 长春一东 汽车配件
600149.SH 廊坊发展 综合类
600150.SH 中国船舶 船舶
600151.SH 航天机电 汽车配件
600152.SH 维科技术 电气设备
600153.SH 建发股份 仓储物流
600155.SH 华创云信 证券
600156.SH 华升股份 纺织
600157.SH 永泰能源 火力发电
OK 0.8500532800624121 0.5373209718860621 0.4671456033087852 13.2383
600158.SH 中体产业 文教休闲
600159.SH 大龙地产 区域地产
600160.SH 巨化股份 化工原料
600161.SH 天坛生物 生物制药
600162.SH 香江控股 全国地产
600163.SH 中闽能源 新型电力
600165.SH *ST宁科 化工原料
600166.SH 福田汽车 汽车整车
600167.SH 联美控股 供气供热
600168.SH 武汉控股 水务
600169.SH 太原重工 工程机械
600170.SH 上海建工 建筑工程
600171.SH 上海贝岭 半导体
600172.SH 黄河旋风 矿物制品
600173.SH 卧龙地产 全国地产
600176.SH 中国巨石 玻璃
600177.SH 雅戈尔 服饰
600178.SH 东安动力 汽车配件
600179.SH 安通控股 仓储物流
600180.SH 瑞茂通 仓储物流
600182.SH S佳通 汽车配件
600183.SH 生益科技 元器件
600184.SH 光电股份 专用机械
600185.SH 格力地产 区域地产
600186.SH 莲花健康 食品
600187.SH 国中水务 水务
600188.SH 兖矿能源 煤炭开采
600189.SH 泉阳泉 软饮料
600190.SH 锦州港 港口
600191.SH 华资实业 食品
600192.SH 长城电工 电气设备
600193.SH 创兴资源 装修装饰
600195.SH 中牧股份 农业综合
600196.SH 复星医药 化学制药
600197.SH 伊力特 白酒
600198.SH 大唐电信 通信设备
600199.SH 金种子酒 白酒
600200.SH 江苏吴中 化学制药
600201.SH 生物股份 农业综合
600202.SH 哈空调 专用机械
600203.SH 福日电子 元器件
600206.SH 有研新材 半导体
600207.SH 安彩高科 电气设备
600208.SH 新湖中宝 全国地产
600210.SH 紫江企业 广告包装
600211.SH 西藏药业 生物制药
600212.SH 绿能慧充 电气设备
600213.SH *ST亚星 汽车整车
600215.SH 派斯林 专用机械
600216.SH 浙江医药 化学制药
600217.SH 中再资环 环境保护
600218.SH 全柴动力 汽车配件
600219.SH 南山铝业 铝
600220.SH ST阳光 纺织
600221.SH 海航控股 空运
600222.SH 太龙药业 中成药
600223.SH 福瑞达 日用化工
600225.SH 卓朗科技 软件服务
600226.SH 瀚叶股份 供气供热
600227.SH 赤天化 农药化肥
600228.SH 返利科技 互联网
600229.SH 城市传媒 出版业
600230.SH 沧州大化 化工原料
600231.SH 凌钢股份 普钢
600232.SH 金鹰股份 纺织
600233.SH 圆通速递 仓储物流
600234.SH *ST科新 装修装饰
600235.SH 民丰特纸 造纸
600236.SH 桂冠电力 水力发电
600237.SH 铜峰电子 元器件
600238.SH 海南椰岛 红黄酒
600239.SH 云南城投 区域地产
600241.SH 时代万恒 电气设备
600243.SH 青海华鼎 运输设备
600246.SH 万通发展 区域地产
600248.SH 陕建股份 建筑工程
600249.SH 两面针 日用化工
600250.SH 南京商旅 商贸代理
600251.SH 冠农股份 农业综合
600252.SH 中恒集团 中成药
600255.SH 鑫科材料 小金属
600256.SH 广汇能源 石油开采
600257.SH 大湖股份 渔业
600258.SH 首旅酒店 酒店餐饮
600259.SH 广晟有色 小金属
600261.SH 阳光照明 家用电器
600262.SH 北方股份 专用机械
600265.SH ST景谷 林业
600266.SH 城建发展 区域地产
600267.SH 海正药业 化学制药
600268.SH 国电南自 电气设备
600269.SH 赣粤高速 路桥
600271.SH 航天信息 软件服务
600272.SH 开开实业 医药商业
600273.SH 嘉化能源 化工原料
600276.SH 恒瑞医药 化学制药
600277.SH ST亿利 化工原料
600278.SH 东方创业 商贸代理
600279.SH 重庆港 港口
OK 0.7525126410275782 4.540077780346025 0.4837365994407162 7.7779
600280.SH 中央商场 百货
600281.SH 华阳新材 小金属
600282.SH 南钢股份 普钢
600283.SH 钱江水利 水务
600284.SH 浦东建设 建筑工程
600285.SH 羚锐制药 中成药
600287.SH 江苏舜天 商贸代理
600288.SH 大恒科技 元器件
600289.SH *ST信通 软件服务
600292.SH 远达环保 环境保护
600293.SH 三峡新材 玻璃
600295.SH 鄂尔多斯 特种钢
600297.SH 广汇汽车 汽车服务
600298.SH 安琪酵母 食品
600299.SH 安迪苏 饲料
600300.SH 维维股份 软饮料
600301.SH 华锡有色 小金属
600302.SH 标准股份 纺织机械
600303.SH ST曙光 汽车整车
600305.SH 恒顺醋业 食品
600306.SH *ST商城 百货
600307.SH 酒钢宏兴 普钢
600308.SH 华泰股份 造纸
600309.SH 万华化学 化工原料
600310.SH 广西能源 水力发电
600312.SH 平高电气 电气设备
600313.SH 农发种业 种植业
600315.SH 上海家化 日用化工
600316.SH 洪都航空 航空
600318.SH 新力金融 多元金融
600319.SH 亚星化学 化工原料
600320.SH 振华重工 工程机械
600321.SH 正源股份 其他建材
600322.SH 津投城开 区域地产
600323.SH 瀚蓝环境 环境保护
600325.SH 华发股份 区域地产
600326.SH 西藏天路 水泥
600327.SH 大东方 医疗保健
600328.SH 中盐化工 化工原料
600329.SH 达仁堂 中成药
600330.SH 天通股份 专用机械
600331.SH 宏达股份 农药化肥
600332.SH 白云山 中成药
600333.SH 长春燃气 供气供热
600335.SH 国机汽车 汽车服务
600336.SH 澳柯玛 家用电器
600337.SH 美克家居 家居用品
600338.SH 西藏珠峰 铅锌
600339.SH 中油工程 石油加工
600340.SH 华夏幸福 区域地产
600343.SH 航天动力 航空
600345.SH 长江通信 通信设备
600346.SH 恒力石化 石油加工
600348.SH 华阳股份 煤炭开采
600350.SH 山东高速 路桥
600351.SH 亚宝药业 中成药
600352.SH 浙江龙盛 染料涂料
600353.SH 旭光电子 元器件
600354.SH 敦煌种业 种植业
600355.SH 精伦电子 专用机械
600356.SH 恒丰纸业 造纸
600358.SH 国旅联合 广告包装
600359.SH 新农开发 种植业
600360.SH ST华微 半导体
600361.SH 创新新材 铝
600362.SH 江西铜业 铜
600363.SH 联创光电 元器件
600365.SH ST通葡 互联网
600366.SH 宁波韵升 矿物制品
600367.SH 红星发展 化工原料
600368.SH 五洲交通 路桥
600369.SH 西南证券 证券
600370.SH 三房巷 化工原料
600371.SH 万向德农 种植业
600372.SH 中航机载 航空
600373.SH 中文传媒 出版业
600375.SH *ST汉马 汽车整车
600376.SH 首开股份 区域地产
600377.SH 宁沪高速 路桥
600378.SH 昊华科技 化工原料
600379.SH 宝光股份 电气设备
600380.SH 健康元 化学制药
600381.SH ST春天 医疗保健
600382.SH 广东明珠 普钢
600383.SH 金地集团 全国地产
600386.SH 北巴传媒 汽车服务
600387.SH *ST海越 石油贸易
600388.SH 龙净环保 环境保护
600389.SH 江山股份 农药化肥
600390.SH 五矿资本 多元金融
600391.SH 航发科技 航空
600392.SH 盛和资源 小金属
600395.SH 盘江股份 煤炭开采
600396.SH *ST金山 火力发电
600397.SH 安源煤业 煤炭开采
600398.SH 海澜之家 服饰
600399.SH 抚顺特钢 特种钢
600400.SH 红豆股份 服饰
600403.SH 大有能源 煤炭开采
600405.SH 动力源 电气设备
600406.SH 国电南瑞 电气设备
600408.SH 安泰集团 焦炭加工
600409.SH 三友化工 化纤
600410.SH 华胜天成 软件服务
600415.SH 小商品城 商品城
600416.SH 湘电股份 电气设备
600418.SH 江淮汽车 汽车整车
600419.SH 天润乳业 乳制品
600420.SH 国药现代 化学制药
600421.SH 华嵘控股 专用机械
600422.SH 昆药集团 中成药
600423.SH 柳化股份 农药化肥
600425.SH 青松建化 水泥
600426.SH 华鲁恒升 农药化肥
600428.SH 中远海特 水运
600429.SH 三元股份 乳制品
600433.SH 冠豪高新 造纸
600435.SH 北方导航 专用机械
600436.SH 片仔癀 中成药
600438.SH 通威股份 电气设备
600439.SH 瑞贝卡 服饰
600444.SH 国机通用 专用机械
600446.SH 金证股份 软件服务
600448.SH 华纺股份 纺织
600449.SH 宁夏建材 水泥
600452.SH 涪陵电力 水力发电
600455.SH 博通股份 文教休闲
600456.SH 宝钛股份 小金属
600458.SH 时代新材 塑料
600459.SH 贵研铂业 小金属
600460.SH 士兰微 半导体
600461.SH 洪城环境 水务
OK 0.1498474720873892 0.13491354458887203 0.11500762035044244 11.9268
600462.SH *ST九有 广告包装
600463.SH 空港股份 园区开发
600467.SH 好当家 渔业
600468.SH 百利电气 电气设备
600469.SH 风神股份 汽车配件
600470.SH 六国化工 农药化肥
600475.SH 华光环能 环境保护
600476.SH 湘邮科技 软件服务
600477.SH 杭萧钢构 钢加工
600478.SH 科力远 电气设备
600479.SH 千金药业 中成药
600480.SH 凌云股份 汽车配件
OK 0.10680804229973369 0.4376147242113869 0.9150187426961653 16.8259
600481.SH 双良节能 电气设备
600482.SH 中国动力 船舶
600483.SH 福能股份 火力发电
600486.SH 扬农化工 农药化肥
600487.SH 亨通光电 通信设备
600488.SH 津药药业 化学制药
600489.SH 中金黄金 黄金
600490.SH 鹏欣资源 铜
600491.SH 龙元建设 建筑工程
600493.SH 凤竹纺织 纺织
600495.SH 晋西车轴 运输设备
600496.SH 精工钢构 钢加工
600497.SH 驰宏锌锗 铅锌
600498.SH 烽火通信 通信设备
600499.SH 科达制造 专用机械
600500.SH 中化国际 塑料
600501.SH 航天晨光 汽车配件
600502.SH 安徽建工 建筑工程
600503.SH 华丽家族 区域地产
600505.SH 西昌电力 水力发电
600506.SH 统一股份 石油加工
600507.SH 方大特钢 特种钢
600508.SH 上海能源 煤炭开采
600509.SH 天富能源 火力发电
600510.SH 黑牡丹 全国地产
600511.SH 国药股份 医药商业
600512.SH 腾达建设 建筑工程
600513.SH 联环药业 化学制药
600515.SH 海南机场 机场
600516.SH 方大炭素 矿物制品
600517.SH 国网英大 多元金融
600518.SH ST康美 中成药
600519.SH 贵州茅台 白酒
600520.SH 文一科技 半导体
600521.SH 华海药业 化学制药
600522.SH 中天科技 通信设备
600523.SH 贵航股份 汽车配件
600525.SH 长园集团 电气设备
600526.SH 菲达环保 环境保护
OK 2.1948273121103465 0.532565881923211 0.2915738876140019 18.3209
600527.SH 江南高纤 化纤
600528.SH 中铁工业 运输设备
600529.SH 山东药玻 医疗保健
600530.SH ST交昂 医疗保健
600531.SH 豫光金铅 铅锌
600533.SH 栖霞建设 区域地产
600535.SH 天士力 中成药
600536.SH 中国软件 软件服务
600537.SH 亿晶光电 电气设备
600538.SH 国发股份 医药商业
600539.SH 狮头股份 互联网
600540.SH 新赛股份 种植业
600543.SH *ST莫高 红黄酒
600545.SH 卓郎智能 纺织机械
600546.SH 山煤国际 煤炭开采
600547.SH 山东黄金 黄金
600548.SH 深高速 路桥
600549.SH 厦门钨业 小金属
OK 0.2877641946067894 0.1533634425026417 0.10142927174604988 17.8868
600550.SH 保变电气 电气设备
600551.SH 时代出版 出版业
600552.SH 凯盛科技 元器件
600556.SH 天下秀 互联网
600557.SH 康缘药业 中成药
600558.SH 大西洋 钢加工
600559.SH 老白干酒 白酒
600560.SH 金自天正 电气设备
600561.SH 江西长运 公共交通
600562.SH 国睿科技 通信设备
600563.SH 法拉电子 元器件
600565.SH ST迪马 全国地产
600566.SH 济川药业 中成药
OK 0.2646766210873312 0.30176007900218127 0.2486590949075339 13.5947
600567.SH 山鹰国际 造纸
600568.SH ST中珠 医疗保健
600569.SH 安阳钢铁 普钢
600570.SH 恒生电子 软件服务
600571.SH 信雅达 软件服务
600572.SH 康恩贝 中成药
600573.SH 惠泉啤酒 啤酒
600575.SH 淮河能源 铁路
600576.SH 祥源文旅 影视音像
600577.SH 精达股份 电气设备
600578.SH 京能电力 火力发电
600579.SH 克劳斯 化工机械
600580.SH 卧龙电驱 电气设备
600581.SH 八一钢铁 普钢
600582.SH 天地科技 工程机械
OK 0.2868212380421253 0.25461242319435945 0.1210397296400715 13.3018
600583.SH 海油工程 石油开采
600584.SH 长电科技 半导体
600585.SH 海螺水泥 水泥
600586.SH 金晶科技 玻璃
600587.SH 新华医疗 医疗保健
600588.SH 用友网络 软件服务
600589.SH *ST榕泰 软件服务
600590.SH 泰豪科技 电气设备
600592.SH 龙溪股份 机械基件
600593.SH 大连圣亚 旅游景点
600594.SH 益佰制药 中成药
600595.SH 中孚实业 铝
600596.SH 新安股份 化工原料
600597.SH 光明乳业 乳制品
600598.SH 北大荒 种植业
600599.SH ST熊猫 化工原料
600600.SH 青岛啤酒 啤酒
600601.SH 方正科技 元器件
600602.SH 云赛智联 软件服务
600603.SH 广汇物流 区域地产
600604.SH 市北高新 园区开发
600605.SH 汇通能源 房产服务
600606.SH 绿地控股 建筑工程
600608.SH ST沪科 商贸代理
600609.SH 金杯汽车 汽车配件
600610.SH 中毅达 化工原料
600611.SH 大众交通 公共交通
600612.SH 老凤祥 服饰
600613.SH 神奇制药 中成药
600615.SH 丰华股份 小金属
600616.SH 金枫酒业 红黄酒
600617.SH 国新能源 供气供热
600618.SH 氯碱化工 化工原料
600619.SH 海立股份 家用电器
600620.SH 天宸股份 综合类
600621.SH 华鑫股份 证券
600622.SH 光大嘉宝 区域地产
600623.SH 华谊集团 化工原料
600624.SH 复旦复华 化学制药
600626.SH 申达股份 汽车配件
600628.SH 新世界 百货
600629.SH 华建集团 建筑工程
600630.SH 龙头股份 服饰
600633.SH 浙数文化 互联网
600635.SH 大众公用 供气供热
600636.SH 国新文化 文教休闲
600637.SH 东方明珠 影视音像
600638.SH 新黄浦 区域地产
600639.SH 浦东金桥 园区开发
600640.SH 国脉文化 影视音像
600641.SH 万业企业 区域地产
600642.SH 申能股份 火力发电
600643.SH 爱建集团 多元金融
600644.SH 乐山电力 水力发电
600645.SH 中源协和 生物制药
600647.SH *ST同达 综合类
600648.SH 外高桥 园区开发
600649.SH 城投控股 区域地产
600650.SH 锦江在线 公共交通
600651.SH 飞乐音响 电器仪表
600653.SH 申华控股 汽车服务
600654.SH ST中安 综合类
600655.SH 豫园股份 百货
600657.SH 信达地产 全国地产
600658.SH 电子城 园区开发
600660.SH 福耀玻璃 汽车配件
600661.SH 昂立教育 文教休闲
600662.SH 外服控股 文教休闲
600663.SH 陆家嘴 园区开发
600664.SH 哈药股份 化学制药
600665.SH 天地源 全国地产
600666.SH ST瑞德 元器件
600667.SH 太极实业 半导体
600668.SH 尖峰集团 水泥
600671.SH *ST目药 中成药
600673.SH 东阳光 综合类
600674.SH 川投能源 水力发电
OK 0.13916667757022738 0.26176231231407365 0.12127646932746992 18.4011
600675.SH 中华企业 区域地产
600676.SH 交运股份 汽车配件
600678.SH 四川金顶 水泥
600679.SH 上海凤凰 文教休闲
600681.SH 百川能源 供气供热
600682.SH 南京新百 生物制药
600683.SH 京投发展 区域地产
600684.SH 珠江股份 全国地产
600685.SH 中船防务 船舶
600686.SH 金龙汽车 汽车整车
600688.SH 上海石化 石油加工
600689.SH 上海三毛 综合类
600690.SH 海尔智家 家用电器
OK 0.11463317992992178 0.1357496267697758 0.20492130693130892 17.8508
600691.SH 阳煤化工 农药化肥
600692.SH 亚通股份 房产服务
600693.SH 东百集团 百货
600694.SH 大商股份 百货
600696.SH 岩石股份 白酒
600697.SH 欧亚集团 百货
600698.SH 湖南天雁 汽车配件
600699.SH 均胜电子 汽车配件
600702.SH 舍得酒业 白酒
600703.SH 三安光电 半导体
600704.SH 物产中大 仓储物流
600705.SH 中航产融 多元金融
600706.SH 曲江文旅 旅游景点
600707.SH 彩虹股份 元器件
600708.SH 光明地产 全国地产
600710.SH 苏美达 商贸代理
600711.SH 盛屯矿业 小金属
600712.SH 南宁百货 百货
600713.SH 南京医药 医药商业
600714.SH 金瑞矿业 化工原料
600715.SH *ST文投 影视音像
600716.SH 凤凰股份 区域地产
600717.SH 天津港 港口
600718.SH 东软集团 软件服务
600719.SH 大连热电 供气供热
600720.SH 中交设计 建筑工程
600721.SH 百花医药 生物制药
600722.SH 金牛化工 化工原料
600724.SH 宁波富达 综合类
600725.SH 云维股份 商贸代理
600726.SH 华电能源 火力发电
600727.SH 鲁北化工 化工原料
600728.SH 佳都科技 软件服务
600729.SH 重庆百货 百货
600730.SH 中国高科 文教休闲
600731.SH 湖南海利 农药化肥
600732.SH 爱旭股份 电气设备
600733.SH 北汽蓝谷 汽车整车
600734.SH ST实达 软件服务
600735.SH 新华锦 服饰
600736.SH 苏州高新 园区开发
600737.SH 中粮糖业 食品
OK 0.4621249292577295 1.7113425816254078 0.607364023839778 10.77
600738.SH 丽尚国潮 百货
600739.SH 辽宁成大 生物制药
600740.SH 山西焦化 焦炭加工
600741.SH 华域汽车 汽车配件
600742.SH 一汽富维 汽车配件
600743.SH 华远地产 区域地产
600744.SH 华银电力 火力发电
600745.SH 闻泰科技 半导体
600746.SH 江苏索普 化工原料
600748.SH 上实发展 全国地产
600749.SH 西藏旅游 旅游景点
600750.SH 江中药业 中成药
600751.SH 海航科技 水运
600753.SH 庚星股份 商贸代理
600754.SH 锦江酒店 酒店餐饮
600755.SH 厦门国贸 仓储物流
600756.SH 浪潮软件 软件服务
600757.SH 长江传媒 出版业
600758.SH 辽宁能源 煤炭开采
600759.SH ST洲际 石油开采
600760.SH 中航沈飞 航空
600761.SH 安徽合力 工程机械
OK 0.30597035918028836 0.38045892382196267 0.44119706671793824 17.0559
600763.SH 通策医疗 医疗保健
600764.SH 中国海防 船舶
600765.SH 中航重机 航空
600766.SH *ST园城 综合类
600768.SH 宁波富邦 铝
600769.SH 祥龙电业 建筑工程
600770.SH 综艺股份 综合类
600771.SH 广誉远 中成药
600773.SH 西藏城投 区域地产
600774.SH 汉商集团 化学制药
600775.SH 南京熊猫 通信设备
600776.SH 东方通信 通信设备
600777.SH ST新潮 石油开采
600778.SH 友好集团 百货
600779.SH 水井坊 白酒
600780.SH 通宝能源 火力发电
600782.SH 新钢股份 普钢
600783.SH 鲁信创投 多元金融
600784.SH 鲁银投资 综合类
600785.SH 新华百货 百货
600787.SH 中储股份 仓储物流
600789.SH 鲁抗医药 化学制药
600790.SH 轻纺城 商品城
600791.SH 京能置业 全国地产
600792.SH 云煤能源 焦炭加工
600793.SH 宜宾纸业 造纸
600794.SH 保税科技 仓储物流
OK 0.41831910503556075 0.5719265089561877 0.13351826237926667 17.8771
600795.SH 国电电力 火力发电
600796.SH 钱江生化 环境保护
600797.SH 浙大网新 软件服务
600798.SH 宁波海运 水运
600800.SH 渤海化学 化工原料
600801.SH 华新水泥 水泥
600802.SH 福建水泥 水泥
600803.SH 新奥股份 供气供热
600804.SH *ST鹏博 电信运营
600805.SH 悦达投资 综合类
600807.SH 济南高新 医疗保健
600808.SH 马钢股份 普钢
600809.SH 山西汾酒 白酒
600810.SH 神马股份 化纤
600811.SH 东方集团 农业综合
600812.SH 华北制药 化学制药
600814.SH 杭州解百 百货
600815.SH 厦工股份 工程机械
600816.SH 建元信托 多元金融
600817.SH 宇通重工 专用机械
600818.SH 中路股份 文教休闲
600819.SH 耀皮玻璃 玻璃
600820.SH 隧道股份 建筑工程
600821.SH 金开新能 新型电力
600822.SH 上海物贸 汽车服务
600823.SH *ST世茂 全国地产
600824.SH 益民集团 百货
600825.SH 新华传媒 出版业
600826.SH 兰生股份 文教休闲
600827.SH 百联股份 超市连锁
600828.SH 茂业商业 百货
600829.SH 人民同泰 医药商业
600830.SH 香溢融通 多元金融
600831.SH 广电网络 影视音像
600833.SH 第一医药 医药商业
600834.SH 申通地铁 公共交通
600835.SH 上海机电 运输设备
600836.SH *ST易连 广告包装
600837.SH 海通证券 证券
600838.SH 上海九百 百货
600839.SH 四川长虹 家用电器
600841.SH 动力新科 汽车配件
600843.SH 上工申贝 纺织机械
600844.SH 丹化科技 化工原料
600845.SH 宝信软件 软件服务
600846.SH 同济科技 建筑工程
600847.SH 万里股份 电气设备
600848.SH 上海临港 园区开发
600850.SH 电科数字 软件服务
600851.SH 海欣股份 化学制药
600853.SH 龙建股份 建筑工程
600854.SH 春兰股份 家用电器
600855.SH 航天长峰 专用机械
600857.SH 宁波中百 百货
600858.SH 银座股份 百货
600859.SH 王府井 百货
600860.SH 京城股份 专用机械
600861.SH 北京人力 文教休闲
600862.SH 中航高科 航空
600863.SH 内蒙华电 火力发电
600864.SH 哈投股份 证券
600865.SH 百大集团 百货
600866.SH 星湖科技 饲料
600867.SH 通化东宝 生物制药
600868.SH 梅雁吉祥 软件服务
600869.SH 远东股份 电气设备
600871.SH 石化油服 石油开采
600872.SH 中炬高新 食品
600873.SH 梅花生物 食品
600874.SH 创业环保 环境保护
OK 0.13017204211346156 0.11178616917198393 0.17633695006645864 11.1083
600875.SH 东方电气 电气设备
600876.SH 凯盛新能 玻璃
600877.SH 电科芯片 半导体
600879.SH 航天电子 航空
600880.SH 博瑞传播 广告包装
600881.SH 亚泰集团 综合类
600882.SH 妙可蓝多 乳制品
600883.SH 博闻科技 种植业
600884.SH 杉杉股份 电气设备
600885.SH 宏发股份 电气设备
600886.SH 国投电力 水力发电
OK 0.4838517150341183 0.5833814433335216 0.24070529444076874 17.3655
600887.SH 伊利股份 乳制品
600888.SH 新疆众和 铝
600889.SH 南京化纤 化纤
600892.SH 大晟文化 互联网
600893.SH 航发动力 航空
600894.SH 广日股份 运输设备
600895.SH 张江高科 园区开发
600897.SH 厦门空港 机场
600898.SH *ST美讯 元器件
600900.SH 长江电力 水力发电
600901.SH 江苏金租 多元金融
600903.SH 贵州燃气 供气供热
600905.SH 三峡能源 新型电力
600906.SH 财达证券 证券
600908.SH 无锡银行 银行
600909.SH 华安证券 证券
600916.SH 中国黄金 服饰
600917.SH 重庆燃气 供气供热
600918.SH 中泰证券 证券
600919.SH 江苏银行 银行
600925.SH 苏能股份 煤炭开采
600926.SH 杭州银行 银行
OK 0.26112796010892536 0.23152329799740226 0.21106346977409607 5.5166
600927.SH 永安期货 多元金融
600928.SH 西安银行 银行
600929.SH 雪天盐业 食品
600933.SH 爱柯迪 汽车配件
600935.SH 华塑股份 化工原料
600936.SH 广西广电 影视音像
600938.SH 中国海油 石油开采
600939.SH 重庆建工 建筑工程
600941.SH 中国移动 电信运营
600955.SH 维远股份 化工原料
600956.SH 新天绿能 供气供热
600958.SH 东方证券 证券
600959.SH 江苏有线 影视音像
600960.SH 渤海汽车 汽车配件
600961.SH 株冶集团 铅锌
600962.SH 国投中鲁 软饮料
600963.SH 岳阳林纸 造纸
600965.SH 福成股份 农业综合
600966.SH 博汇纸业 造纸
600967.SH 内蒙一机 运输设备
600968.SH 海油发展 石油开采
OK 0.807660115492279 0.26869975270128504 0.22174510926314225 13.8234
600969.SH 郴电国际 水力发电
600970.SH 中材国际 建筑工程
600971.SH 恒源煤电 煤炭开采
600973.SH 宝胜股份 电气设备
600975.SH 新五丰 农业综合
600976.SH 健民集团 中成药
600977.SH 中国电影 影视音像
600979.SH 广安爱众 水力发电
600980.SH 北矿科技 专用机械
600981.SH 汇鸿集团 商贸代理
600982.SH 宁波能源 供气供热
600983.SH 惠而浦 家用电器
600984.SH 建设机械 工程机械
600985.SH 淮北矿业 煤炭开采
600986.SH 浙文互联 互联网
600987.SH 航民股份 纺织
600988.SH 赤峰黄金 黄金
600989.SH 宝丰能源 化工原料
600990.SH 四创电子 通信设备
600992.SH 贵绳股份 钢加工
600993.SH 马应龙 中成药
600995.SH 南网储能 水力发电
600996.SH 贵广网络 影视音像
600997.SH 开滦股份 焦炭加工
600998.SH 九州通 医药商业
600999.SH 招商证券 证券
601000.SH 唐山港 港口
601001.SH 晋控煤业 煤炭开采
601002.SH 晋亿实业 机械基件
601003.SH 柳钢股份 普钢
601005.SH 重庆钢铁 普钢
601006.SH 大秦铁路 铁路
601007.SH 金陵饭店 酒店餐饮
601008.SH 连云港 港口
601009.SH 南京银行 银行
601010.SH 文峰股份 百货
601011.SH 宝泰隆 焦炭加工
601012.SH 隆基绿能 电气设备
601015.SH 陕西黑猫 焦炭加工
601016.SH 节能风电 新型电力
601018.SH 宁波港 港口
601019.SH 山东出版 出版业
601020.SH 华钰矿业 铅锌
601021.SH 春秋航空 空运
601022.SH 宁波远洋 水运
601028.SH 玉龙股份 商贸代理
601033.SH 永兴股份 环境保护
601038.SH 一拖股份 农用机械
601058.SH 赛轮轮胎 汽车配件
601059.SH 信达证券 证券
601061.SH 中信金属 商贸代理
601065.SH 江盐集团 化工原料
601066.SH 中信建投 证券
601068.SH 中铝国际 建筑工程
601069.SH 西部黄金 黄金
601077.SH 渝农商行 银行
601083.SH 锦江航运 水运
601086.SH 国芳集团 百货
601088.SH 中国神华 煤炭开采
601089.SH 福元医药 化学制药
OK 0.3742249356101485 0.12113257697853706 0.15926095643953206 15.6148
601096.SH 宏盛华源 钢加工
601098.SH 中南传媒 出版业
601099.SH 太平洋 证券
601100.SH 恒立液压 工程机械
601101.SH 昊华能源 煤炭开采
601106.SH 中国一重 工程机械
601107.SH 四川成渝 路桥
601108.SH 财通证券 证券
601111.SH 中国国航 空运
601113.SH 华鼎股份 互联网
601116.SH 三江购物 超市连锁
601117.SH 中国化学 建筑工程
601118.SH 海南橡胶 橡胶
601121.SH 宝地矿业 普钢
601126.SH 四方股份 电气设备
601127.SH 赛力斯 汽车整车
601128.SH 常熟银行 银行
OK 0.25016038715023425 0.19828022117689506 0.19644584280137506 6.8992
601133.SH 柏诚股份 建筑工程
601136.SH 首创证券 证券
601137.SH 博威合金 小金属
OK 0.7310736024310854 1.0920548052255943 0.3851018748177685 12.5118
601138.SH 工业富联 通信设备
601139.SH 深圳燃气 供气供热
601155.SH 新城控股 区域地产
601156.SH 东航物流 空运
601158.SH 重庆水务 水务
601162.SH 天风证券 证券
601163.SH 三角轮胎 汽车配件
OK 0.22749669053377047 0.8942043738051647 0.27006558672541625 10.2098
601166.SH 兴业银行 银行
601168.SH 西部矿业 铜
601169.SH 北京银行 银行
601177.SH 杭齿前进 机械基件
601179.SH 中国西电 电气设备
601186.SH 中国铁建 建筑工程
601187.SH 厦门银行 银行
601188.SH 龙江交通 路桥
601198.SH 东兴证券 证券
601199.SH 江南水务 水务
601200.SH 上海环境 环境保护
601208.SH 东材科技 化工原料
601211.SH 国泰君安 证券
601212.SH 白银有色 铜
601216.SH 君正集团 化工原料
601218.SH 吉鑫科技 电气设备
601222.SH 林洋能源 电器仪表
601225.SH 陕西煤业 煤炭开采
601226.SH 华电重工 建筑工程
601228.SH 广州港 港口
601229.SH 上海银行 银行
601231.SH 环旭电子 元器件
601233.SH 桐昆股份 化纤
601236.SH 红塔证券 证券
601238.SH 广汽集团 汽车整车
601279.SH 英利汽车 汽车配件
601288.SH 农业银行 银行
601298.SH 青岛港 港口
601311.SH 骆驼股份 电气设备
601318.SH 中国平安 保险
601319.SH 中国人保 保险
601326.SH 秦港股份 港口
601328.SH 交通银行 银行
601330.SH 绿色动力 环境保护
601333.SH 广深铁路 铁路
601336.SH 新华保险 保险
601339.SH 百隆东方 纺织
601360.SH 三六零 互联网
601366.SH 利群股份 百货
601368.SH 绿城水务 水务
601369.SH 陕鼓动力 机械基件
601375.SH 中原证券 证券
601377.SH 兴业证券 证券
601388.SH 怡球资源 铝
601390.SH 中国中铁 建筑工程
601398.SH 工商银行 银行
601399.SH 国机重装 工程机械
601456.SH 国联证券 证券
601500.SH 通用股份 汽车配件
601512.SH 中新集团 园区开发
601515.SH 东峰集团 广告包装
601518.SH 吉林高速 路桥
601519.SH 大智慧 软件服务
601528.SH 瑞丰银行 银行
OK 0.1980921167958744 0.12706603646498366 0.14474322189074024 5.7713
601555.SH 东吴证券 证券
601566.SH 九牧王 服饰
601567.SH 三星医疗 电器仪表
601568.SH 北元集团 化工原料
601577.SH 长沙银行 银行
601579.SH 会稽山 红黄酒
601588.SH 北辰实业 区域地产
601595.SH 上海电影 影视音像
601598.SH 中国外运 仓储物流
601599.SH 浙文影业 纺织
601600.SH 中国铝业 铝
601601.SH 中国太保 保险
601606.SH 长城军工 专用机械
601607.SH 上海医药 医药商业
601608.SH 中信重工 专用机械
601609.SH 金田股份 铜
601611.SH 中国核建 建筑工程
601615.SH 明阳智能 电气设备
601616.SH 广电电气 电气设备
601618.SH 中国中冶 建筑工程
601619.SH 嘉泽新能 新型电力
601628.SH 中国人寿 保险
601633.SH 长城汽车 汽车整车
601636.SH 旗滨集团 玻璃
601658.SH 邮储银行 银行
601665.SH 齐鲁银行 银行
OK 0.18183853999003338 0.17576214427965245 0.15428286725847357 5.5045
601666.SH 平煤股份 煤炭开采
601668.SH 中国建筑 建筑工程
601669.SH 中国电建 建筑工程
601677.SH 明泰铝业 铝
601678.SH 滨化股份 化工原料
601686.SH 友发集团 钢加工
601688.SH 华泰证券 证券
601689.SH 拓普集团 汽车配件
601696.SH 中银证券 证券
601698.SH 中国卫通 电信运营
601699.SH 潞安环能 煤炭开采
601700.SH 风范股份 电气设备
601702.SH 华峰铝业 铝
601717.SH 郑煤机 专用机械
OK 0.26964845179495256 0.3200415896436232 0.354493145955909 9.8222
601718.SH 际华集团 服饰
601727.SH 上海电气 电气设备
601728.SH 中国电信 电信运营
601766.SH 中国中车 运输设备
601777.SH 力帆科技 摩托车
601778.SH 晶科科技 新型电力
601788.SH 光大证券 证券
601789.SH 宁波建工 建筑工程
601798.SH 蓝科高新 化工机械
601799.SH 星宇股份 汽车配件
601800.SH 中国交建 建筑工程
601801.SH 皖新传媒 出版业
601808.SH 中海油服 石油开采
601811.SH 新华文轩 出版业
601816.SH 京沪高铁 铁路
601818.SH 光大银行 银行
601825.SH 沪农商行 银行
601827.SH 三峰环境 环境保护
601828.SH 美凯龙 其他商业
601838.SH 成都银行 银行
OK 0.2824114267224609 0.16218741016818258 0.1287438176260555 5.0161
601857.SH 中国石油 石油开采
601858.SH 中国科传 出版业
601860.SH 紫金银行 银行
601865.SH 福莱特 玻璃
601866.SH 中远海发 水运
601868.SH 中国能建 建筑工程
601869.SH 长飞光纤 通信设备
601872.SH 招商轮船 水运
601877.SH 正泰电器 电气设备
601878.SH 浙商证券 证券
601880.SH 辽港股份 港口
601881.SH 中国银河 证券
601882.SH 海天精工 机床制造
601886.SH 江河集团 装修装饰
601888.SH 中国中免 旅游服务
601890.SH 亚星锚链 船舶
601898.SH 中煤能源 煤炭开采
601899.SH 紫金矿业 铜
601900.SH 南方传媒 出版业
601901.SH 方正证券 证券
601908.SH 京运通 新型电力
601916.SH 浙商银行 银行
601918.SH 新集能源 煤炭开采
601919.SH 中远海控 水运
601921.SH 浙版传媒 出版业
601928.SH 凤凰传媒 出版业
601929.SH 吉视传媒 影视音像
601933.SH 永辉超市 超市连锁
601939.SH 建设银行 银行
601949.SH 中国出版 出版业
601952.SH 苏垦农发 种植业
601956.SH 东贝集团 家用电器
OK 4.247967927386853 0.2403297319327131 0.21553270674349911 17.3672
601958.SH 金钼股份 小金属
601963.SH 重庆银行 银行
601965.SH 中国汽研 汽车服务
601966.SH 玲珑轮胎 汽车配件
601968.SH 宝钢包装 广告包装
601969.SH 海南矿业 普钢
601975.SH 招商南油 水运
601985.SH 中国核电 新型电力
601988.SH 中国银行 银行
601989.SH 中国重工 船舶
601990.SH 南京证券 证券
601991.SH 大唐发电 火力发电
601992.SH 金隅集团 水泥
601995.SH 中金公司 证券
601996.SH 丰林集团 家居用品
601997.SH 贵阳银行 银行
601998.SH 中信银行 银行
601999.SH 出版传媒 出版业
603000.SH 人民网 互联网
603001.SH ST奥康 服饰
603002.SH 宏昌电子 化工原料
603003.SH *ST龙宇 石油贸易
603004.SH 鼎龙科技 化工原料
603005.SH 晶方科技 半导体
603006.SH 联明股份 汽车配件
603007.SH ST花王 建筑工程
603008.SH 喜临门 家居用品
603009.SH 北特科技 汽车配件
603010.SH 万盛股份 化工原料
603011.SH 合锻智能 机床制造
603012.SH 创力集团 专用机械
603013.SH 亚普股份 汽车配件
603015.SH 弘讯科技 电气设备
603016.SH 新宏泰 电气设备
603017.SH 中衡设计 建筑工程
603018.SH 华设集团 建筑工程
603019.SH 中科曙光 IT设备
603020.SH 爱普股份 食品
603021.SH 山东华鹏 家居用品
603022.SH 新通联 广告包装
603023.SH *ST威帝 汽车配件
603025.SH 大豪科技 纺织机械
603026.SH 胜华新材 化工原料
603027.SH 千禾味业 食品
603028.SH 赛福天 钢加工
603029.SH 天鹅股份 农用机械
603030.SH ST全筑 装修装饰
603031.SH 安孚科技 电气设备
603032.SH 德新科技 专用机械
603033.SH 三维股份 橡胶
603035.SH 常熟汽饰 汽车配件
603036.SH 如通股份 专用机械
603037.SH 凯众股份 汽车配件
603038.SH 华立股份 家居用品
603039.SH 泛微网络 软件服务
603040.SH 新坐标 汽车配件
603041.SH 美思德 化工原料
603042.SH 华脉科技 通信设备
603043.SH 广州酒家 食品
603045.SH 福达合金 电气设备
603048.SH 浙江黎明 汽车配件
603050.SH 科林电气 电气设备
603051.SH 鹿山新材 塑料
603052.SH 可川科技 元器件
603053.SH 成都燃气 供气供热
603055.SH 台华新材 纺织
603056.SH 德邦股份 仓储物流
603057.SH 紫燕食品 食品
603058.SH 永吉股份 广告包装
603059.SH 倍加洁 日用化工
603060.SH 国检集团 建筑工程
603061.SH 金海通 半导体
603062.SH 麦加芯彩 染料涂料
603063.SH 禾望电气 电气设备
603065.SH 宿迁联盛 化工原料
603066.SH 音飞储存 仓储物流
603067.SH 振华股份 化工原料
603068.SH 博通集成 半导体
603069.SH 海汽集团 公路
603070.SH 万控智造 电气设备
603071.SH 物产环能 批发业
603073.SH 彩蝶实业 纺织
603075.SH 热威股份 家用电器
603076.SH 乐惠国际 专用机械
603077.SH 和邦生物 化工原料
603078.SH 江化微 半导体
603079.SH 圣达生物 食品
603080.SH 新疆火炬 供气供热
603081.SH 大丰实业 专用机械
603082.SH 北自科技 运输设备
603083.SH 剑桥科技 通信设备
603085.SH 天成自控 汽车配件
603086.SH 先达股份 农药化肥
603087.SH 甘李药业 生物制药
603088.SH 宁波精达 机床制造
603089.SH 正裕工业 汽车配件
603090.SH 宏盛股份 专用机械
603093.SH 南华期货 多元金融
603095.SH 越剑智能 纺织机械
603096.SH 新经典 出版业
603097.SH 江苏华辰 电气设备
603098.SH 森特股份 装修装饰
603099.SH 长白山 旅游景点
603100.SH 川仪股份 电器仪表
603101.SH 汇嘉时代 百货
603102.SH 百合股份 医疗保健
603103.SH 横店影视 影视音像
603105.SH 芯能科技 电气设备
603106.SH 恒银科技 IT设备
603107.SH 上海汽配 汽车配件
603108.SH 润达医疗 医药商业
603109.SH 神驰机电 电气设备
603110.SH 东方材料 染料涂料
603111.SH 康尼机电 运输设备
603112.SH 华翔股份 机械基件
603113.SH 金能科技 焦炭加工
603115.SH 海星股份 铝
603116.SH 红蜻蜓 服饰
603117.SH ST万林 仓储物流
603118.SH 共进股份 通信设备
603119.SH 浙江荣泰 汽车配件
603121.SH 华培动力 汽车配件
603122.SH 合富中国 医药商业
603123.SH 翠微股份 多元金融
603125.SH 常青科技 化工原料
603126.SH 中材节能 环境保护
603127.SH 昭衍新药 医疗保健
603128.SH 华贸物流 仓储物流
603129.SH 春风动力 摩托车
603130.SH 云中马 纺织
603131.SH 上海沪工 专用机械
603132.SH 金徽股份 铅锌
603133.SH *ST碳元 元器件
603135.SH 中重科技 专用机械
603136.SH 天目湖 旅游景点
603137.SH 恒尚节能 装修装饰
603138.SH 海量数据 软件服务
603139.SH 康惠制药 中成药
603150.SH 万朗磁塑 塑料
603151.SH 邦基科技 饲料
603153.SH 上海建科 建筑工程
603155.SH 新亚强 化工原料
603156.SH 养元饮品 软饮料
603158.SH 腾龙股份 汽车配件
603159.SH 上海亚虹 专用机械
603160.SH 汇顶科技 半导体
603161.SH 科华控股 汽车配件
603162.SH 海通发展 水运
603163.SH 圣晖集成 建筑工程
603165.SH 荣晟环保 造纸
603166.SH 福达股份 汽车配件
603167.SH 渤海轮渡 水运
603168.SH 莎普爱思 化学制药
603169.SH 兰石重装 专用机械
603170.SH 宝立食品 食品
603171.SH 税友股份 软件服务
603172.SH 万丰股份 染料涂料
603173.SH 福斯达 机械基件
603176.SH 汇通集团 建筑工程
603177.SH 德创环保 环境保护
603178.SH 圣龙股份 汽车配件
603179.SH 新泉股份 汽车配件
603180.SH 金牌厨柜 家居用品
603181.SH 皇马科技 化工原料
603182.SH 嘉华股份 食品
603183.SH 建研院 建筑工程
603185.SH 弘元绿能 电气设备
603186.SH 华正新材 元器件
603187.SH 海容冷链 机械基件
603188.SH 亚邦股份 染料涂料
603189.SH 网达软件 软件服务
603190.SH 亚通精工 汽车配件
603191.SH 望变电气 电气设备
603192.SH 汇得科技 化工原料
603193.SH 润本股份 日用化工
